<?xml version="1.0" encoding="UTF-8"?>
<testsuite xmlns:xsi="http://www.w3.org/2001/XMLSchema-instance" xsi:noNamespaceSchemaLocation="https://maven.apache.org/surefire/maven-surefire-plugin/xsd/surefire-test-report-3.0.xsd" version="3.0" name="org.example.integration.KafkaIntegrationTest" time="16.251" tests="1" errors="0" skipped="0" failures="0">
  <properties>
[...]
</properties>
  <testcase name="testKafkaProducerConsumerIntegration" classname="org.example.integration.KafkaIntegrationTest" time="1.986">
    <system-out><![CDATA[17:34:30.324 [main] DEBUG org.testcontainers.utility.TestcontainersConfiguration - Testcontainers configuration overrides will be loaded from file:/home/l4yoos/.testcontainers.properties
17:34:30.336 [main] DEBUG org.testcontainers.utility.TestcontainersConfiguration - Attempted to read Testcontainers configuration file at file:/home/l4yoos/.testcontainers.properties but the file was not found. Exception message: FileNotFoundException: /home/l4yoos/.testcontainers.properties (Nie ma takiego pliku ani katalogu)
17:34:30.342 [main] INFO org.testcontainers.utility.ImageNameSubstitutor - Image name substitution will be performed by: DefaultImageNameSubstitutor (composite of 'ConfigurationFileImageNameSubstitutor' and 'PrefixingImageNameSubstitutor')
17:34:30.564 [main] DEBUG org.testcontainers.dockerclient.DockerClientProviderStrategy - Trying out strategy: EnvironmentAndSystemPropertyClientProviderStrategy
17:34:30.723 [main] DEBUG org.testcontainers.shaded.com.github.dockerjava.core.command.AbstrDockerCmd - Cmd: 
17:34:30.745 [main] DEBUG com.github.dockerjava.zerodep.shaded.org.apache.hc.client5.http.impl.classic.InternalHttpClient - ex-00000001: preparing request execution
17:34:30.750 [main] DEBUG com.github.dockerjava.zerodep.shaded.org.apache.hc.client5.http.protocol.RequestAddCookies - Cookie spec selected: strict
17:34:30.754 [main] DEBUG com.github.dockerjava.zerodep.shaded.org.apache.hc.client5.http.protocol.RequestAuthCache - Auth cache not set in the context
17:34:30.755 [main] DEBUG com.github.dockerjava.zerodep.shaded.org.apache.hc.client5.http.impl.classic.ProtocolExec - ex-00000001: target auth state: UNCHALLENGED
17:34:30.755 [main] DEBUG com.github.dockerjava.zerodep.shaded.org.apache.hc.client5.http.impl.classic.ProtocolExec - ex-00000001: proxy auth state: UNCHALLENGED
17:34:30.756 [main] DEBUG com.github.dockerjava.zerodep.shaded.org.apache.hc.client5.http.impl.classic.ConnectExec - ex-00000001: acquiring connection with route {}->unix://localhost:2375
17:34:30.756 [main] DEBUG com.github.dockerjava.zerodep.shaded.org.apache.hc.client5.http.impl.classic.InternalHttpClient - ex-00000001: acquiring endpoint (3 MINUTES)
17:34:30.757 [main] DEBUG com.github.dockerjava.zerodep.shaded.org.apache.hc.client5.http.impl.io.PoolingHttpClientConnectionManager - ex-00000001: endpoint lease request (3 MINUTES) [route: {}->unix://localhost:2375][total available: 0; route allocated: 0 of 2147483647; total allocated: 0 of 2147483647]
17:34:30.761 [main] DEBUG com.github.dockerjava.zerodep.shaded.org.apache.hc.client5.http.impl.io.PoolingHttpClientConnectionManager - ex-00000001: endpoint leased [route: {}->unix://localhost:2375][total available: 0; route allocated: 1 of 2147483647; total allocated: 1 of 2147483647]
17:34:30.771 [main] DEBUG com.github.dockerjava.zerodep.shaded.org.apache.hc.client5.http.impl.io.PoolingHttpClientConnectionManager - ex-00000001: acquired ep-00000000
17:34:30.772 [main] DEBUG com.github.dockerjava.zerodep.shaded.org.apache.hc.client5.http.impl.classic.InternalHttpClient - ex-00000001: acquired endpoint ep-00000000
17:34:30.772 [main] DEBUG com.github.dockerjava.zerodep.shaded.org.apache.hc.client5.http.impl.classic.ConnectExec - ex-00000001: opening connection {}->unix://localhost:2375
17:34:30.772 [main] DEBUG com.github.dockerjava.zerodep.shaded.org.apache.hc.client5.http.impl.classic.InternalHttpClient - ep-00000000: connecting endpoint (3 MINUTES)
17:34:30.773 [main] DEBUG com.github.dockerjava.zerodep.shaded.org.apache.hc.client5.http.impl.io.PoolingHttpClientConnectionManager - ep-00000000: connecting endpoint to unix://localhost:2375 (3 MINUTES)
17:34:30.779 [main] DEBUG com.github.dockerjava.zerodep.shaded.org.apache.hc.client5.http.impl.io.DefaultHttpClientConnectionOperator - http-outgoing-0: connecting to localhost/127.0.0.1:2375
17:34:30.779 [main] DEBUG com.github.dockerjava.zerodep.shaded.org.apache.hc.client5.http.impl.io.DefaultHttpClientConnectionOperator - http-outgoing-0: connection established /var/run/docker.sock<->/var/run/docker.sock
17:34:30.781 [main] DEBUG com.github.dockerjava.zerodep.shaded.org.apache.hc.client5.http.impl.io.PoolingHttpClientConnectionManager - ep-00000000: connected http-outgoing-0
17:34:30.781 [main] DEBUG com.github.dockerjava.zerodep.shaded.org.apache.hc.client5.http.impl.classic.InternalHttpClient - ep-00000000: endpoint connected
17:34:30.781 [main] DEBUG com.github.dockerjava.zerodep.shaded.org.apache.hc.client5.http.impl.classic.MainClientExec - ex-00000001: executing GET /v1.32/info HTTP/1.1
17:34:30.782 [main] DEBUG com.github.dockerjava.zerodep.shaded.org.apache.hc.client5.http.impl.classic.InternalHttpClient - ep-00000000: start execution ex-00000001
17:34:30.782 [main] DEBUG com.github.dockerjava.zerodep.shaded.org.apache.hc.client5.http.impl.io.PoolingHttpClientConnectionManager - ep-00000000: executing exchange ex-00000001 over http-outgoing-0
17:34:30.784 [main] DEBUG com.github.dockerjava.zerodep.shaded.org.apache.hc.client5.http.headers - http-outgoing-0 >> GET /v1.32/info HTTP/1.1
17:34:30.784 [main] DEBUG com.github.dockerjava.zerodep.shaded.org.apache.hc.client5.http.headers - http-outgoing-0 >> x-tc-sid: 63b6f132-4791-4107-bf40-862197cff523
17:34:30.784 [main] DEBUG com.github.dockerjava.zerodep.shaded.org.apache.hc.client5.http.headers - http-outgoing-0 >> User-Agent: tc-java/1.19.0
17:34:30.784 [main] DEBUG com.github.dockerjava.zerodep.shaded.org.apache.hc.client5.http.headers - http-outgoing-0 >> Accept-Encoding: gzip, x-gzip, deflate
17:34:30.784 [main] DEBUG com.github.dockerjava.zerodep.shaded.org.apache.hc.client5.http.headers - http-outgoing-0 >> Host: localhost:2375
17:34:30.784 [main] DEBUG com.github.dockerjava.zerodep.shaded.org.apache.hc.client5.http.headers - http-outgoing-0 >> Connection: keep-alive
17:34:30.785 [main] DEBUG com.github.dockerjava.zerodep.shaded.org.apache.hc.client5.http.wire - http-outgoing-0 >> "GET /v1.32/info HTTP/1.1[\r][\n]"
17:34:30.785 [main] DEBUG com.github.dockerjava.zerodep.shaded.org.apache.hc.client5.http.wire - http-outgoing-0 >> "x-tc-sid: 63b6f132-4791-4107-bf40-862197cff523[\r][\n]"
17:34:30.785 [main] DEBUG com.github.dockerjava.zerodep.shaded.org.apache.hc.client5.http.wire - http-outgoing-0 >> "User-Agent: tc-java/1.19.0[\r][\n]"
17:34:30.785 [main] DEBUG com.github.dockerjava.zerodep.shaded.org.apache.hc.client5.http.wire - http-outgoing-0 >> "Accept-Encoding: gzip, x-gzip, deflate[\r][\n]"
17:34:30.785 [main] DEBUG com.github.dockerjava.zerodep.shaded.org.apache.hc.client5.http.wire - http-outgoing-0 >> "Host: localhost:2375[\r][\n]"
17:34:30.785 [main] DEBUG com.github.dockerjava.zerodep.shaded.org.apache.hc.client5.http.wire - http-outgoing-0 >> "Connection: keep-alive[\r][\n]"
17:34:30.785 [main] DEBUG com.github.dockerjava.zerodep.shaded.org.apache.hc.client5.http.wire - http-outgoing-0 >> "[\r][\n]"
17:34:30.795 [main] DEBUG com.github.dockerjava.zerodep.shaded.org.apache.hc.client5.http.wire - http-outgoing-0 << "HTTP/1.1 200 OK[\r][\n]"
17:34:30.795 [main] DEBUG com.github.dockerjava.zerodep.shaded.org.apache.hc.client5.http.wire - http-outgoing-0 << "Api-Version: 1.47[\r][\n]"
17:34:30.795 [main] DEBUG com.github.dockerjava.zerodep.shaded.org.apache.hc.client5.http.wire - http-outgoing-0 << "Content-Type: application/json[\r][\n]"
17:34:30.795 [main] DEBUG com.github.dockerjava.zerodep.shaded.org.apache.hc.client5.http.wire - http-outgoing-0 << "Docker-Experimental: false[\r][\n]"
17:34:30.795 [main] DEBUG com.github.dockerjava.zerodep.shaded.org.apache.hc.client5.http.wire - http-outgoing-0 << "Ostype: linux[\r][\n]"
17:34:30.795 [main] DEBUG com.github.dockerjava.zerodep.shaded.org.apache.hc.client5.http.wire - http-outgoing-0 << "Server: Docker/27.4.1 (linux)[\r][\n]"
17:34:30.795 [main] DEBUG com.github.dockerjava.zerodep.shaded.org.apache.hc.client5.http.wire - http-outgoing-0 << "Date: Fri, 20 Dec 2024 16:34:30 GMT[\r][\n]"
17:34:30.795 [main] DEBUG com.github.dockerjava.zerodep.shaded.org.apache.hc.client5.http.wire - http-outgoing-0 << "Transfer-Encoding: chunked[\r][\n]"
17:34:30.795 [main] DEBUG com.github.dockerjava.zerodep.shaded.org.apache.hc.client5.http.wire - http-outgoing-0 << "[\r][\n]"
17:34:30.795 [main] DEBUG com.github.dockerjava.zerodep.shaded.org.apache.hc.client5.http.wire - http-outgoing-0 << "8be[\r][\n]"
17:34:30.796 [main] DEBUG com.github.dockerjava.zerodep.shaded.org.apache.hc.client5.http.wire - http-outgoing-0 << "{"ID":"aa83555f-f9e8-4bca-91ab-71f784d4720e","Containers":1,"ContainersRunning":0,"ContainersPaused":0,"ContainersStopped":1,"Images":3,"Driver":"overlay2","DriverStatus":[["Backing Filesystem","btrfs"],["Supports d_type","true"],["Using metacopy","false"],["Native Overlay Diff","true"],["userxattr","false"]],"Plugins":{"Volume":["local"],"Network":["bridge","host","ipvlan","macvlan","null","overlay"],"Authorization":null,"Log":["awslogs","fluentd","gcplogs","gelf","journald","json-file","local","splunk","syslog"]},"MemoryLimit":true,"SwapLimit":true,"CpuCfsPeriod":true,"CpuCfsQuota":true,"CPUShares":true,"CPUSet":true,"PidsLimit":true,"IPv4Forwarding":true,"BridgeNfIptables":false,"BridgeNfIp6tables":false,"Debug":false,"NFd":24,"OomKillDisable":false,"NGoroutines":44,"SystemTime":"2024-12-20T17:34:30.786367171+01:00","LoggingDriver":"json-file","CgroupDriver":"systemd","CgroupVersion":"2","NEventsListener":0,"KernelVersion":"6.12.4-100.fc40.x86_64","OperatingSystem":"Fedora Linux 40 (Workstation Edition)","OSVersion":"40","OSType":"linux","Architecture":"x86_64","IndexServerAddress":"https://index.docker.io/v1/","RegistryConfig":{"AllowNondistributableArtifactsCIDRs":null,"AllowNondistributableArtifactsHostnames":null,"InsecureRegistryCIDRs":["127.0.0.0/8"],"IndexConfigs":{"docker.io":{"Name":"docker.io","Mirrors":[],"Secure":true,"Official":true}},"Mirrors":null},"NCPU":8,"MemTotal":8181719040,"GenericResources":null,"DockerRootDir":"/var/lib/docker","HttpProxy":"","HttpsProxy":"","NoProxy":"","Name":"fedora","Labels":[],"ExperimentalBuild":false,"ServerVersion":"27.4.1","Runtimes":{"io.containerd.runc.v2":{"path":"runc"},"runc":{"path":"runc"}},"DefaultRuntime":"runc","Swarm":{"NodeID":"","NodeAddr":"","LocalNodeState":"inactive","ControlAvailable":false,"Error":"","RemoteManagers":null},"LiveRestoreEnabled":false,"Isolation":"","InitBinary":"docker-init","ContainerdCommit":{"ID":"88bf19b2105c8b17560993bee28a01ddc2f97182","Expected":"88bf19b2105c8b17560993bee28a01ddc2f97182"},"RuncCommit":{"ID":"v1.2.2-0-g7cb3632","Expected":"v1.2.2-0-g7cb3632"},"InitCommit":{"ID":"de40ad0","Expected":"de40ad0"},"SecurityOptions":["name=seccomp,profile=builtin","name=cgroupns"],"CDISpecDirs":[],"Warnings":null}[\n]"
17:34:30.796 [main] DEBUG com.github.dockerjava.zerodep.shaded.org.apache.hc.client5.http.wire - http-outgoing-0 << "[\r][\n]"
17:34:30.796 [main] DEBUG com.github.dockerjava.zerodep.shaded.org.apache.hc.client5.http.wire - http-outgoing-0 << "0[\r][\n]"
17:34:30.796 [main] DEBUG com.github.dockerjava.zerodep.shaded.org.apache.hc.client5.http.wire - http-outgoing-0 << "[\r][\n]"
17:34:30.799 [main] DEBUG com.github.dockerjava.zerodep.shaded.org.apache.hc.client5.http.headers - http-outgoing-0 << HTTP/1.1 200 OK
17:34:30.799 [main] DEBUG com.github.dockerjava.zerodep.shaded.org.apache.hc.client5.http.headers - http-outgoing-0 << Api-Version: 1.47
17:34:30.799 [main] DEBUG com.github.dockerjava.zerodep.shaded.org.apache.hc.client5.http.headers - http-outgoing-0 << Content-Type: application/json
17:34:30.799 [main] DEBUG com.github.dockerjava.zerodep.shaded.org.apache.hc.client5.http.headers - http-outgoing-0 << Docker-Experimental: false
17:34:30.799 [main] DEBUG com.github.dockerjava.zerodep.shaded.org.apache.hc.client5.http.headers - http-outgoing-0 << Ostype: linux
17:34:30.799 [main] DEBUG com.github.dockerjava.zerodep.shaded.org.apache.hc.client5.http.headers - http-outgoing-0 << Server: Docker/27.4.1 (linux)
17:34:30.799 [main] DEBUG com.github.dockerjava.zerodep.shaded.org.apache.hc.client5.http.headers - http-outgoing-0 << Date: Fri, 20 Dec 2024 16:34:30 GMT
17:34:30.799 [main] DEBUG com.github.dockerjava.zerodep.shaded.org.apache.hc.client5.http.headers - http-outgoing-0 << Transfer-Encoding: chunked
17:34:30.804 [main] DEBUG com.github.dockerjava.zerodep.shaded.org.apache.hc.client5.http.impl.classic.MainClientExec - ex-00000001: connection can be kept alive for 3 MINUTES
17:34:31.086 [main] DEBUG com.github.dockerjava.zerodep.shaded.org.apache.hc.client5.http.impl.classic.InternalHttpClient - ep-00000000: releasing valid endpoint
17:34:31.087 [main] DEBUG com.github.dockerjava.zerodep.shaded.org.apache.hc.client5.http.impl.io.PoolingHttpClientConnectionManager - ep-00000000: releasing endpoint
17:34:31.088 [main] DEBUG com.github.dockerjava.zerodep.shaded.org.apache.hc.client5.http.impl.io.PoolingHttpClientConnectionManager - ep-00000000: connection http-outgoing-0 can be kept alive for 3 MINUTES
17:34:31.088 [main] DEBUG com.github.dockerjava.zerodep.shaded.org.apache.hc.client5.http.impl.io.PoolingHttpClientConnectionManager - ep-00000000: connection released [route: {}->unix://localhost:2375][total available: 1; route allocated: 1 of 2147483647; total allocated: 1 of 2147483647]
17:34:31.089 [main] INFO org.testcontainers.dockerclient.DockerClientProviderStrategy - Found Docker environment with Environment variables, system properties and defaults. Resolved dockerHost=unix:///var/run/docker.sock
17:34:31.093 [main] DEBUG org.testcontainers.dockerclient.DockerClientProviderStrategy - Transport type: 'httpclient5', Docker host: 'unix:///var/run/docker.sock'
17:34:31.094 [main] DEBUG org.testcontainers.dockerclient.DockerClientProviderStrategy - Checking Docker OS type for Environment variables, system properties and defaults. Resolved dockerHost=unix:///var/run/docker.sock
17:34:31.096 [main] INFO org.testcontainers.DockerClientFactory - Docker host IP address is localhost
17:34:31.097 [main] DEBUG org.testcontainers.DockerClientFactory - Docker info: {CDISpecDirs=[], NGoroutines=44, Name=fedora, Swarm={NodeID=, NodeAddr=, LocalNodeState=inactive, ControlAvailable=false, Error=, RemoteManagers=null}, RuncCommit={ID=v1.2.2-0-g7cb3632, Expected=v1.2.2-0-g7cb3632}, OSVersion=40, Runtimes={io.containerd.runc.v2={path=runc}, runc={path=runc}}, ID=aa83555f-f9e8-4bca-91ab-71f784d4720e, DriverStatus=[[Backing Filesystem, btrfs], [Supports d_type, true], [Using metacopy, false], [Native Overlay Diff, true], [userxattr, false]], BridgeNfIptables=false, LiveRestoreEnabled=false, SystemTime=2024-12-20T17:34:30.786367171+01:00, NoProxy=, Architecture=x86_64, NEventsListener=0, HttpsProxy=, Images=3, ContainersRunning=0, Labels=[], InitCommit={ID=de40ad0, Expected=de40ad0}, NFd=24, KernelVersion=6.12.4-100.fc40.x86_64, LoggingDriver=json-file, OSType=linux, SecurityOptions=[name=seccomp,profile=builtin, name=cgroupns], ContainerdCommit={ID=88bf19b2105c8b17560993bee28a01ddc2f97182, Expected=88bf19b2105c8b17560993bee28a01ddc2f97182}, GenericResources=null, OperatingSystem=Fedora Linux 40 (Workstation Edition), RegistryConfig={AllowNondistributableArtifactsCIDRs=null, AllowNondistributableArtifactsHostnames=null, InsecureRegistryCIDRs=[127.0.0.0/8], IndexConfigs={docker.io={Name=docker.io, Mirrors=[], Secure=true, Official=true}}, Mirrors=null}, ServerVersion=27.4.1, OomKillDisable=false, CpuCfsQuota=true, Containers=1, Driver=overlay2, IPv4Forwarding=true, ExperimentalBuild=false, DockerRootDir=/var/lib/docker, CPUSet=true, CpuCfsPeriod=true, DefaultRuntime=runc, CPUShares=true, Debug=false, NCPU=8, Plugins={Volume=[local], Network=[bridge, host, ipvlan, macvlan, null, overlay], Authorization=null, Log=[awslogs, fluentd, gcplogs, gelf, journald, json-file, local, splunk, syslog]}, SwapLimit=true, CgroupDriver=systemd, ContainersPaused=0, MemTotal=8181719040, IndexServerAddress=https://index.docker.io/v1/, MemoryLimit=true, HttpProxy=, InitBinary=docker-init, CgroupVersion=2, PidsLimit=true, Isolation=, BridgeNfIp6tables=false, Warnings=null, ContainersStopped=1}
17:34:31.104 [main] DEBUG org.testcontainers.shaded.com.github.dockerjava.core.command.AbstrDockerCmd - Cmd: 
17:34:31.105 [main] DEBUG com.github.dockerjava.zerodep.shaded.org.apache.hc.client5.http.impl.classic.InternalHttpClient - ex-00000002: preparing request execution
17:34:31.109 [main] DEBUG com.github.dockerjava.zerodep.shaded.org.apache.hc.client5.http.protocol.RequestAddCookies - Cookie spec selected: strict
17:34:31.110 [main] DEBUG com.github.dockerjava.zerodep.shaded.org.apache.hc.client5.http.protocol.RequestAuthCache - Auth cache not set in the context
17:34:31.110 [main] DEBUG com.github.dockerjava.zerodep.shaded.org.apache.hc.client5.http.impl.classic.ProtocolExec - ex-00000002: target auth state: UNCHALLENGED
17:34:31.110 [main] DEBUG com.github.dockerjava.zerodep.shaded.org.apache.hc.client5.http.impl.classic.ProtocolExec - ex-00000002: proxy auth state: UNCHALLENGED
17:34:31.110 [main] DEBUG com.github.dockerjava.zerodep.shaded.org.apache.hc.client5.http.impl.classic.ConnectExec - ex-00000002: acquiring connection with route {}->unix://localhost:2375
17:34:31.110 [main] DEBUG com.github.dockerjava.zerodep.shaded.org.apache.hc.client5.http.impl.classic.InternalHttpClient - ex-00000002: acquiring endpoint (3 MINUTES)
17:34:31.111 [main] DEBUG com.github.dockerjava.zerodep.shaded.org.apache.hc.client5.http.impl.io.PoolingHttpClientConnectionManager - ex-00000002: endpoint lease request (3 MINUTES) [route: {}->unix://localhost:2375][total available: 1; route allocated: 1 of 2147483647; total allocated: 1 of 2147483647]
17:34:31.111 [main] DEBUG com.github.dockerjava.zerodep.shaded.org.apache.hc.client5.http.impl.io.PoolingHttpClientConnectionManager - ex-00000002: endpoint leased [route: {}->unix://localhost:2375][total available: 0; route allocated: 1 of 2147483647; total allocated: 1 of 2147483647]
17:34:31.111 [main] DEBUG com.github.dockerjava.zerodep.shaded.org.apache.hc.client5.http.impl.io.PoolingHttpClientConnectionManager - ex-00000002: acquired ep-00000001
17:34:31.111 [main] DEBUG com.github.dockerjava.zerodep.shaded.org.apache.hc.client5.http.impl.classic.InternalHttpClient - ex-00000002: acquired endpoint ep-00000001
17:34:31.111 [main] DEBUG com.github.dockerjava.zerodep.shaded.org.apache.hc.client5.http.impl.classic.MainClientExec - ex-00000002: executing GET /v1.32/version HTTP/1.1
17:34:31.112 [main] DEBUG com.github.dockerjava.zerodep.shaded.org.apache.hc.client5.http.impl.classic.InternalHttpClient - ep-00000001: start execution ex-00000002
17:34:31.112 [main] DEBUG com.github.dockerjava.zerodep.shaded.org.apache.hc.client5.http.impl.io.PoolingHttpClientConnectionManager - ep-00000001: executing exchange ex-00000002 over http-outgoing-0
17:34:31.112 [main] DEBUG com.github.dockerjava.zerodep.shaded.org.apache.hc.client5.http.headers - http-outgoing-0 >> GET /v1.32/version HTTP/1.1
17:34:31.112 [main] DEBUG com.github.dockerjava.zerodep.shaded.org.apache.hc.client5.http.headers - http-outgoing-0 >> accept: application/json
17:34:31.112 [main] DEBUG com.github.dockerjava.zerodep.shaded.org.apache.hc.client5.http.headers - http-outgoing-0 >> x-tc-sid: 63b6f132-4791-4107-bf40-862197cff523
17:34:31.112 [main] DEBUG com.github.dockerjava.zerodep.shaded.org.apache.hc.client5.http.headers - http-outgoing-0 >> User-Agent: tc-java/1.19.0
17:34:31.113 [main] DEBUG com.github.dockerjava.zerodep.shaded.org.apache.hc.client5.http.headers - http-outgoing-0 >> Accept-Encoding: gzip, x-gzip, deflate
17:34:31.113 [main] DEBUG com.github.dockerjava.zerodep.shaded.org.apache.hc.client5.http.headers - http-outgoing-0 >> Host: localhost:2375
17:34:31.113 [main] DEBUG com.github.dockerjava.zerodep.shaded.org.apache.hc.client5.http.headers - http-outgoing-0 >> Connection: keep-alive
17:34:31.113 [main] DEBUG com.github.dockerjava.zerodep.shaded.org.apache.hc.client5.http.wire - http-outgoing-0 >> "GET /v1.32/version HTTP/1.1[\r][\n]"
17:34:31.118 [main] DEBUG com.github.dockerjava.zerodep.shaded.org.apache.hc.client5.http.wire - http-outgoing-0 >> "accept: application/json[\r][\n]"
17:34:31.119 [main] DEBUG com.github.dockerjava.zerodep.shaded.org.apache.hc.client5.http.wire - http-outgoing-0 >> "x-tc-sid: 63b6f132-4791-4107-bf40-862197cff523[\r][\n]"
17:34:31.119 [main] DEBUG com.github.dockerjava.zerodep.shaded.org.apache.hc.client5.http.wire - http-outgoing-0 >> "User-Agent: tc-java/1.19.0[\r][\n]"
17:34:31.119 [main] DEBUG com.github.dockerjava.zerodep.shaded.org.apache.hc.client5.http.wire - http-outgoing-0 >> "Accept-Encoding: gzip, x-gzip, deflate[\r][\n]"
17:34:31.119 [main] DEBUG com.github.dockerjava.zerodep.shaded.org.apache.hc.client5.http.wire - http-outgoing-0 >> "Host: localhost:2375[\r][\n]"
17:34:31.119 [main] DEBUG com.github.dockerjava.zerodep.shaded.org.apache.hc.client5.http.wire - http-outgoing-0 >> "Connection: keep-alive[\r][\n]"
17:34:31.119 [main] DEBUG com.github.dockerjava.zerodep.shaded.org.apache.hc.client5.http.wire - http-outgoing-0 >> "[\r][\n]"
17:34:31.134 [main] DEBUG com.github.dockerjava.zerodep.shaded.org.apache.hc.client5.http.wire - http-outgoing-0 << "HTTP/1.1 200 OK[\r][\n]"
17:34:31.135 [main] DEBUG com.github.dockerjava.zerodep.shaded.org.apache.hc.client5.http.wire - http-outgoing-0 << "Api-Version: 1.47[\r][\n]"
17:34:31.135 [main] DEBUG com.github.dockerjava.zerodep.shaded.org.apache.hc.client5.http.wire - http-outgoing-0 << "Content-Type: application/json[\r][\n]"
17:34:31.135 [main] DEBUG com.github.dockerjava.zerodep.shaded.org.apache.hc.client5.http.wire - http-outgoing-0 << "Docker-Experimental: false[\r][\n]"
17:34:31.135 [main] DEBUG com.github.dockerjava.zerodep.shaded.org.apache.hc.client5.http.wire - http-outgoing-0 << "Ostype: linux[\r][\n]"
17:34:31.135 [main] DEBUG com.github.dockerjava.zerodep.shaded.org.apache.hc.client5.http.wire - http-outgoing-0 << "Server: Docker/27.4.1 (linux)[\r][\n]"
17:34:31.135 [main] DEBUG com.github.dockerjava.zerodep.shaded.org.apache.hc.client5.http.wire - http-outgoing-0 << "Date: Fri, 20 Dec 2024 16:34:31 GMT[\r][\n]"
17:34:31.135 [main] DEBUG com.github.dockerjava.zerodep.shaded.org.apache.hc.client5.http.wire - http-outgoing-0 << "Content-Length: 834[\r][\n]"
17:34:31.136 [main] DEBUG com.github.dockerjava.zerodep.shaded.org.apache.hc.client5.http.wire - http-outgoing-0 << "[\r][\n]"
17:34:31.136 [main] DEBUG com.github.dockerjava.zerodep.shaded.org.apache.hc.client5.http.wire - http-outgoing-0 << "{"Platform":{"Name":"Docker Engine - Community"},"Components":[{"Name":"Engine","Version":"27.4.1","Details":{"ApiVersion":"1.47","Arch":"amd64","BuildTime":"2024-12-17T15:45:26.000000000+00:00","Experimental":"false","GitCommit":"c710b88","GoVersion":"go1.22.10","KernelVersion":"6.12.4-100.fc40.x86_64","MinAPIVersion":"1.24","Os":"linux"}},{"Name":"containerd","Version":"1.7.24","Details":{"GitCommit":"88bf19b2105c8b17560993bee28a01ddc2f97182"}},{"Name":"runc","Version":"1.2.2","Details":{"GitCommit":"v1.2.2-0-g7cb3632"}},{"Name":"docker-init","Version":"0.19.0","Details":{"GitCommit":"de40ad0"}}],"Version":"27.4.1","ApiVersion":"1.47","MinAPIVersion":"1.24","GitCommit":"c710b88","GoVersion":"go1.22.10","Os":"linux","Arch":"amd64","KernelVersion":"6.12.4-100.fc40.x86_64","BuildTime":"2024-12-17T15:45:26.000000000+00:00"}[\n]"
17:34:31.136 [main] DEBUG com.github.dockerjava.zerodep.shaded.org.apache.hc.client5.http.headers - http-outgoing-0 << HTTP/1.1 200 OK
17:34:31.137 [main] DEBUG com.github.dockerjava.zerodep.shaded.org.apache.hc.client5.http.headers - http-outgoing-0 << Api-Version: 1.47
17:34:31.137 [main] DEBUG com.github.dockerjava.zerodep.shaded.org.apache.hc.client5.http.headers - http-outgoing-0 << Content-Type: application/json
17:34:31.137 [main] DEBUG com.github.dockerjava.zerodep.shaded.org.apache.hc.client5.http.headers - http-outgoing-0 << Docker-Experimental: false
17:34:31.137 [main] DEBUG com.github.dockerjava.zerodep.shaded.org.apache.hc.client5.http.headers - http-outgoing-0 << Ostype: linux
17:34:31.137 [main] DEBUG com.github.dockerjava.zerodep.shaded.org.apache.hc.client5.http.headers - http-outgoing-0 << Server: Docker/27.4.1 (linux)
17:34:31.137 [main] DEBUG com.github.dockerjava.zerodep.shaded.org.apache.hc.client5.http.headers - http-outgoing-0 << Date: Fri, 20 Dec 2024 16:34:31 GMT
17:34:31.141 [main] DEBUG com.github.dockerjava.zerodep.shaded.org.apache.hc.client5.http.headers - http-outgoing-0 << Content-Length: 834
17:34:31.142 [main] DEBUG com.github.dockerjava.zerodep.shaded.org.apache.hc.client5.http.impl.classic.MainClientExec - ex-00000002: connection can be kept alive for 3 MINUTES
17:34:31.174 [main] DEBUG com.github.dockerjava.zerodep.shaded.org.apache.hc.client5.http.impl.classic.InternalHttpClient - ep-00000001: releasing valid endpoint
17:34:31.174 [main] DEBUG com.github.dockerjava.zerodep.shaded.org.apache.hc.client5.http.impl.io.PoolingHttpClientConnectionManager - ep-00000001: releasing endpoint
17:34:31.174 [main] DEBUG com.github.dockerjava.zerodep.shaded.org.apache.hc.client5.http.impl.io.PoolingHttpClientConnectionManager - ep-00000001: connection http-outgoing-0 can be kept alive for 3 MINUTES
17:34:31.175 [main] DEBUG com.github.dockerjava.zerodep.shaded.org.apache.hc.client5.http.impl.io.PoolingHttpClientConnectionManager - ep-00000001: connection released [route: {}->unix://localhost:2375][total available: 1; route allocated: 1 of 2147483647; total allocated: 1 of 2147483647]
17:34:31.175 [main] DEBUG org.testcontainers.DockerClientFactory - Docker version: {Components=[{Name=Engine, Version=27.4.1, Details={ApiVersion=1.47, Arch=amd64, BuildTime=2024-12-17T15:45:26.000000000+00:00, Experimental=false, GitCommit=c710b88, GoVersion=go1.22.10, KernelVersion=6.12.4-100.fc40.x86_64, MinAPIVersion=1.24, Os=linux}}, {Name=containerd, Version=1.7.24, Details={GitCommit=88bf19b2105c8b17560993bee28a01ddc2f97182}}, {Name=runc, Version=1.2.2, Details={GitCommit=v1.2.2-0-g7cb3632}}, {Name=docker-init, Version=0.19.0, Details={GitCommit=de40ad0}}], KernelVersion=6.12.4-100.fc40.x86_64, ApiVersion=1.47, Platform={Name=Docker Engine - Community}, GitCommit=c710b88, Os=linux, Version=27.4.1, MinAPIVersion=1.24, Arch=amd64, GoVersion=go1.22.10, BuildTime=2024-12-17T15:45:26.000000000+00:00}
17:34:31.175 [main] INFO org.testcontainers.DockerClientFactory - Connected to docker: 
  Server Version: 27.4.1
  API Version: 1.47
  Operating System: Fedora Linux 40 (Workstation Edition)
  Total Memory: 7802 MB
17:34:31.186 [main] DEBUG org.testcontainers.utility.RyukResourceReaper - Ryuk is enabled
17:34:31.190 [main] DEBUG org.testcontainers.utility.PrefixingImageNameSubstitutor - No prefix is configured
17:34:31.190 [main] DEBUG org.testcontainers.utility.ImageNameSubstitutor - Did not find a substitute image for testcontainers/ryuk:0.5.1 (using image substitutor: DefaultImageNameSubstitutor (composite of 'ConfigurationFileImageNameSubstitutor' and 'PrefixingImageNameSubstitutor'))
17:34:31.194 [main] DEBUG org.testcontainers.shaded.com.github.dockerjava.core.command.AbstrDockerCmd - Cmd: ListImagesCmdImpl[filters=org.testcontainers.shaded.com.github.dockerjava.core.util.FiltersBuilder@0,imageNameFilter=<null>,showAll=false]
17:34:31.198 [main] DEBUG com.github.dockerjava.zerodep.shaded.org.apache.hc.client5.http.impl.classic.InternalHttpClient - ex-00000003: preparing request execution
17:34:31.199 [main] DEBUG com.github.dockerjava.zerodep.shaded.org.apache.hc.client5.http.protocol.RequestAddCookies - Cookie spec selected: strict
17:34:31.199 [main] DEBUG com.github.dockerjava.zerodep.shaded.org.apache.hc.client5.http.protocol.RequestAuthCache - Auth cache not set in the context
17:34:31.199 [main] DEBUG com.github.dockerjava.zerodep.shaded.org.apache.hc.client5.http.impl.classic.ProtocolExec - ex-00000003: target auth state: UNCHALLENGED
17:34:31.199 [main] DEBUG com.github.dockerjava.zerodep.shaded.org.apache.hc.client5.http.impl.classic.ProtocolExec - ex-00000003: proxy auth state: UNCHALLENGED
17:34:31.199 [main] DEBUG com.github.dockerjava.zerodep.shaded.org.apache.hc.client5.http.impl.classic.ConnectExec - ex-00000003: acquiring connection with route {}->unix://localhost:2375
17:34:31.199 [main] DEBUG com.github.dockerjava.zerodep.shaded.org.apache.hc.client5.http.impl.classic.InternalHttpClient - ex-00000003: acquiring endpoint (3 MINUTES)
17:34:31.199 [main] DEBUG com.github.dockerjava.zerodep.shaded.org.apache.hc.client5.http.impl.io.PoolingHttpClientConnectionManager - ex-00000003: endpoint lease request (3 MINUTES) [route: {}->unix://localhost:2375][total available: 1; route allocated: 1 of 2147483647; total allocated: 1 of 2147483647]
17:34:31.200 [main] DEBUG com.github.dockerjava.zerodep.shaded.org.apache.hc.client5.http.impl.io.PoolingHttpClientConnectionManager - ex-00000003: endpoint leased [route: {}->unix://localhost:2375][total available: 0; route allocated: 1 of 2147483647; total allocated: 1 of 2147483647]
17:34:31.200 [main] DEBUG com.github.dockerjava.zerodep.shaded.org.apache.hc.client5.http.impl.io.PoolingHttpClientConnectionManager - ex-00000003: acquired ep-00000002
17:34:31.201 [main] DEBUG com.github.dockerjava.zerodep.shaded.org.apache.hc.client5.http.impl.classic.InternalHttpClient - ex-00000003: acquired endpoint ep-00000002
17:34:31.206 [main] DEBUG com.github.dockerjava.zerodep.shaded.org.apache.hc.client5.http.impl.classic.MainClientExec - ex-00000003: executing GET /v1.32/images/json HTTP/1.1
17:34:31.206 [main] DEBUG com.github.dockerjava.zerodep.shaded.org.apache.hc.client5.http.impl.classic.InternalHttpClient - ep-00000002: start execution ex-00000003
17:34:31.206 [main] DEBUG com.github.dockerjava.zerodep.shaded.org.apache.hc.client5.http.impl.io.PoolingHttpClientConnectionManager - ep-00000002: executing exchange ex-00000003 over http-outgoing-0
17:34:31.207 [main] DEBUG com.github.dockerjava.zerodep.shaded.org.apache.hc.client5.http.headers - http-outgoing-0 >> GET /v1.32/images/json HTTP/1.1
17:34:31.207 [main] DEBUG com.github.dockerjava.zerodep.shaded.org.apache.hc.client5.http.headers - http-outgoing-0 >> accept: application/json
17:34:31.207 [main] DEBUG com.github.dockerjava.zerodep.shaded.org.apache.hc.client5.http.headers - http-outgoing-0 >> x-tc-sid: 63b6f132-4791-4107-bf40-862197cff523
17:34:31.207 [main] DEBUG com.github.dockerjava.zerodep.shaded.org.apache.hc.client5.http.headers - http-outgoing-0 >> User-Agent: tc-java/1.19.0
17:34:31.207 [main] DEBUG com.github.dockerjava.zerodep.shaded.org.apache.hc.client5.http.headers - http-outgoing-0 >> Accept-Encoding: gzip, x-gzip, deflate
17:34:31.207 [main] DEBUG com.github.dockerjava.zerodep.shaded.org.apache.hc.client5.http.headers - http-outgoing-0 >> Host: localhost:2375
17:34:31.207 [main] DEBUG com.github.dockerjava.zerodep.shaded.org.apache.hc.client5.http.headers - http-outgoing-0 >> Connection: keep-alive
17:34:31.208 [main] DEBUG com.github.dockerjava.zerodep.shaded.org.apache.hc.client5.http.wire - http-outgoing-0 >> "GET /v1.32/images/json HTTP/1.1[\r][\n]"
17:34:31.208 [main] DEBUG com.github.dockerjava.zerodep.shaded.org.apache.hc.client5.http.wire - http-outgoing-0 >> "accept: application/json[\r][\n]"
17:34:31.208 [main] DEBUG com.github.dockerjava.zerodep.shaded.org.apache.hc.client5.http.wire - http-outgoing-0 >> "x-tc-sid: 63b6f132-4791-4107-bf40-862197cff523[\r][\n]"
17:34:31.208 [main] DEBUG com.github.dockerjava.zerodep.shaded.org.apache.hc.client5.http.wire - http-outgoing-0 >> "User-Agent: tc-java/1.19.0[\r][\n]"
17:34:31.208 [main] DEBUG com.github.dockerjava.zerodep.shaded.org.apache.hc.client5.http.wire - http-outgoing-0 >> "Accept-Encoding: gzip, x-gzip, deflate[\r][\n]"
17:34:31.208 [main] DEBUG com.github.dockerjava.zerodep.shaded.org.apache.hc.client5.http.wire - http-outgoing-0 >> "Host: localhost:2375[\r][\n]"
17:34:31.208 [main] DEBUG com.github.dockerjava.zerodep.shaded.org.apache.hc.client5.http.wire - http-outgoing-0 >> "Connection: keep-alive[\r][\n]"
17:34:31.209 [main] DEBUG com.github.dockerjava.zerodep.shaded.org.apache.hc.client5.http.wire - http-outgoing-0 >> "[\r][\n]"
17:34:31.213 [main] DEBUG com.github.dockerjava.zerodep.shaded.org.apache.hc.client5.http.wire - http-outgoing-0 << "HTTP/1.1 200 OK[\r][\n]"
17:34:31.213 [main] DEBUG com.github.dockerjava.zerodep.shaded.org.apache.hc.client5.http.wire - http-outgoing-0 << "Api-Version: 1.47[\r][\n]"
17:34:31.213 [main] DEBUG com.github.dockerjava.zerodep.shaded.org.apache.hc.client5.http.wire - http-outgoing-0 << "Content-Type: application/json[\r][\n]"
17:34:31.213 [main] DEBUG com.github.dockerjava.zerodep.shaded.org.apache.hc.client5.http.wire - http-outgoing-0 << "Docker-Experimental: false[\r][\n]"
17:34:31.214 [main] DEBUG com.github.dockerjava.zerodep.shaded.org.apache.hc.client5.http.wire - http-outgoing-0 << "Ostype: linux[\r][\n]"
17:34:31.214 [main] DEBUG com.github.dockerjava.zerodep.shaded.org.apache.hc.client5.http.wire - http-outgoing-0 << "Server: Docker/27.4.1 (linux)[\r][\n]"
17:34:31.214 [main] DEBUG com.github.dockerjava.zerodep.shaded.org.apache.hc.client5.http.wire - http-outgoing-0 << "Date: Fri, 20 Dec 2024 16:34:31 GMT[\r][\n]"
17:34:31.214 [main] DEBUG com.github.dockerjava.zerodep.shaded.org.apache.hc.client5.http.wire - http-outgoing-0 << "Transfer-Encoding: chunked[\r][\n]"
17:34:31.221 [main] DEBUG com.github.dockerjava.zerodep.shaded.org.apache.hc.client5.http.wire - http-outgoing-0 << "[\r][\n]"
17:34:31.222 [main] DEBUG com.github.dockerjava.zerodep.shaded.org.apache.hc.client5.http.wire - http-outgoing-0 << "931[\r][\n]"
17:34:31.225 [main] DEBUG com.github.dockerjava.zerodep.shaded.org.apache.hc.client5.http.wire - http-outgoing-0 << "[{"Containers":-1,"Created":1689054591,"Id":"sha256:7252649cef98513da00c40ac85b9a4bba8c22c774d4bdfbc6d486bef44e0769f","Labels":{"architecture":"x86_64","build-date":"2023-06-23T02:02:47","com.redhat.component":"ubi8-minimal-container","com.redhat.license_terms":"https://www.redhat.com/en/about/red-hat-end-user-license-agreements#UBI","description":"Common base image for Confluent's Docker images.","distribution-scope":"public","io.buildah.version":"1.29.0","io.confluent.docker":"true","io.confluent.docker.build.number":"3","io.confluent.docker.git.id":"271251a34","io.confluent.docker.git.repo":"confluentinc/kafka-images","io.k8s.description":"The Universal Base Image Minimal is a stripped down image that uses microdnf as a package manager. This base image is freely redistributable, but Red Hat only supports Red Hat technologies through subscriptions for Red Hat products. This image is maintained by Red Hat and updated regularly.","io.k8s.display-name":"Red Hat Universal Base Image 8 Minimal","io.openshift.expose-services":"","io.openshift.tags":"minimal rhel8","maintainer":"partner-support@confluent.io","name":"cp-kafka","release":"7.4.1","summary":"Confluent platform Kafka.","url":"https://access.redhat.com/containers/#/registry.access.redhat.com/ubi8-minimal/images/8.8-1014","vcs-ref":"dee8029ddcc7ecbfbebb0905d2b15e134338616c","vcs-type":"git","vendor":"Confluent","version":"271251a34"},"ParentId":"","RepoDigests":["confluentinc/cp-kafka@sha256:d3acff0466ec26c8048b75c7185dbc9c9d718cb1111f0cc00d535df073d71103"],"RepoTags":["confluentinc/cp-kafka:7.4.1"],"SharedSize":-1,"Size":845241255,"VirtualSize":845241255},{"Containers":-1,"Created":1684336262,"Id":"sha256:ec913eeff75a6b5ed284cf17e186213a466ec10a8f471798318ffa0813b5d828","Labels":{"org.testcontainers.ryuk":"true"},"ParentId":"","RepoDigests":["testcontainers/ryuk@sha256:533abc56c07b52a26c955d1e7ae428d810582ab01c156384ae79960eb5fa0775"],"RepoTags":["testcontainers/ryuk:0.5.1"],"SharedSize":-1,"Size":12695732,"VirtualSize":12695732},{"Containers":-1,"Created":1683046167,"Id":"sha256:d2c94e258dcb3c5ac2798d32e1249e42ef01cba4841c2234249495f87264ac5a","Labels":null,"ParentId":"","RepoDigests":["hello-world@sha256:5b3cc85e16e3058003c13b7821318369dad01dac3dbb877aac3c28182255c724"],"RepoTags":["hello-world:latest"],"SharedSize":-1,"Size":13256,"VirtualSize":13256}][\n]"
17:34:31.234 [main] DEBUG com.github.dockerjava.zerodep.shaded.org.apache.hc.client5.http.wire - http-outgoing-0 << "[\r][\n]"
17:34:31.235 [main] DEBUG com.github.dockerjava.zerodep.shaded.org.apache.hc.client5.http.wire - http-outgoing-0 << "0[\r][\n]"
17:34:31.235 [main] DEBUG com.github.dockerjava.zerodep.shaded.org.apache.hc.client5.http.wire - http-outgoing-0 << "[\r][\n]"
17:34:31.236 [main] DEBUG com.github.dockerjava.zerodep.shaded.org.apache.hc.client5.http.headers - http-outgoing-0 << HTTP/1.1 200 OK
17:34:31.236 [main] DEBUG com.github.dockerjava.zerodep.shaded.org.apache.hc.client5.http.headers - http-outgoing-0 << Api-Version: 1.47
17:34:31.236 [main] DEBUG com.github.dockerjava.zerodep.shaded.org.apache.hc.client5.http.headers - http-outgoing-0 << Content-Type: application/json
17:34:31.236 [main] DEBUG com.github.dockerjava.zerodep.shaded.org.apache.hc.client5.http.headers - http-outgoing-0 << Docker-Experimental: false
17:34:31.236 [main] DEBUG com.github.dockerjava.zerodep.shaded.org.apache.hc.client5.http.headers - http-outgoing-0 << Ostype: linux
17:34:31.239 [main] DEBUG com.github.dockerjava.zerodep.shaded.org.apache.hc.client5.http.headers - http-outgoing-0 << Server: Docker/27.4.1 (linux)
17:34:31.240 [main] DEBUG com.github.dockerjava.zerodep.shaded.org.apache.hc.client5.http.headers - http-outgoing-0 << Date: Fri, 20 Dec 2024 16:34:31 GMT
17:34:31.240 [main] DEBUG com.github.dockerjava.zerodep.shaded.org.apache.hc.client5.http.headers - http-outgoing-0 << Transfer-Encoding: chunked
17:34:31.240 [main] DEBUG com.github.dockerjava.zerodep.shaded.org.apache.hc.client5.http.impl.classic.MainClientExec - ex-00000003: connection can be kept alive for 3 MINUTES
17:34:31.251 [main] DEBUG com.github.dockerjava.zerodep.shaded.org.apache.hc.client5.http.impl.classic.InternalHttpClient - ep-00000002: releasing valid endpoint
17:34:31.252 [main] DEBUG com.github.dockerjava.zerodep.shaded.org.apache.hc.client5.http.impl.io.PoolingHttpClientConnectionManager - ep-00000002: releasing endpoint
17:34:31.252 [main] DEBUG com.github.dockerjava.zerodep.shaded.org.apache.hc.client5.http.impl.io.PoolingHttpClientConnectionManager - ep-00000002: connection http-outgoing-0 can be kept alive for 3 MINUTES
17:34:31.252 [main] DEBUG com.github.dockerjava.zerodep.shaded.org.apache.hc.client5.http.impl.io.PoolingHttpClientConnectionManager - ep-00000002: connection released [route: {}->unix://localhost:2375][total available: 1; route allocated: 1 of 2147483647; total allocated: 1 of 2147483647]
17:34:31.255 [main] DEBUG org.testcontainers.images.AbstractImagePullPolicy - Using locally available and not pulling image: testcontainers/ryuk:0.5.1
17:34:31.255 [main] DEBUG tc.testcontainers/ryuk:0.5.1 - Starting container: testcontainers/ryuk:0.5.1
17:34:31.257 [main] DEBUG tc.testcontainers/ryuk:0.5.1 - Trying to start container: testcontainers/ryuk:0.5.1 (attempt 1/1)
17:34:31.257 [main] DEBUG tc.testcontainers/ryuk:0.5.1 - Starting container: testcontainers/ryuk:0.5.1
17:34:31.257 [main] INFO tc.testcontainers/ryuk:0.5.1 - Creating container for image: testcontainers/ryuk:0.5.1
17:34:31.278 [main] DEBUG org.testcontainers.utility.RegistryAuthLocator - Looking up auth config for image: testcontainers/ryuk:0.5.1 at registry: https://index.docker.io/v1/
17:34:31.279 [main] DEBUG org.testcontainers.utility.RegistryAuthLocator - RegistryAuthLocator has configFile: /home/l4yoos/.docker/config.json (does not exist) configEnv: DOCKER_AUTH_CONFIG (does not exist) and commandPathPrefix: 
17:34:31.279 [main] INFO org.testcontainers.utility.RegistryAuthLocator - Failure when attempting to lookup auth config. Please ignore if you don't have images in an authenticated registry. Details: (dockerImageName: testcontainers/ryuk:0.5.1, configFile: /home/l4yoos/.docker/config.json, configEnv: DOCKER_AUTH_CONFIG). Falling back to docker-java default behaviour. Exception message: Status 404: No config supplied. Checked in order: /home/l4yoos/.docker/config.json (file not found), DOCKER_AUTH_CONFIG (not set)
17:34:31.288 [main] DEBUG org.testcontainers.utility.RegistryAuthLocator - No matching Auth Configs - falling back to defaultAuthConfig [null]
17:34:31.288 [main] DEBUG org.testcontainers.dockerclient.AuthDelegatingDockerClientConfig - Effective auth config [null]
17:34:31.319 [main] DEBUG org.testcontainers.shaded.com.github.dockerjava.core.command.AbstrDockerCmd - Cmd: org.testcontainers.shaded.com.github.dockerjava.core.command.CreateContainerCmdImpl@30c31dd7[aliases=<null>,argsEscaped=<null>,attachStderr=<null>,attachStdin=<null>,attachStdout=<null>,authConfig=<null>,cmd={},domainName=<null>,entrypoint=<null>,env={},exposedPorts=ExposedPorts(exposedPorts=[8080/tcp]),healthcheck=<null>,hostConfig=HostConfig(binds=[/var/run/docker.sock:/var/run/docker.sock:rw], blkioWeight=null, blkioWeightDevice=null, blkioDeviceReadBps=null, blkioDeviceWriteBps=null, blkioDeviceReadIOps=null, blkioDeviceWriteIOps=null, memorySwappiness=null, nanoCPUs=null, capAdd=null, capDrop=null, containerIDFile=null, cpuPeriod=null, cpuRealtimePeriod=null, cpuRealtimeRuntime=null, cpuShares=null, cpuQuota=null, cpusetCpus=null, cpusetMems=null, devices=null, deviceCgroupRules=null, deviceRequests=null, diskQuota=null, dns=null, dnsOptions=null, dnsSearch=null, extraHosts=[], groupAdd=null, ipcMode=null, cgroup=null, links=[], logConfig=LogConfig(type=null, config=null), lxcConf=null, memory=null, memorySwap=null, memoryReservation=null, kernelMemory=null, networkMode=null, oomKillDisable=null, init=null, autoRemove=true, oomScoreAdj=null, portBindings={8080/tcp=[Lcom.github.dockerjava.api.model.Ports$Binding;@3aacf32a}, privileged=true, publishAllPorts=null, readonlyRootfs=null, restartPolicy=null, ulimits=null, cpuCount=null, cpuPercent=null, ioMaximumIOps=null, ioMaximumBandwidth=null, volumesFrom=[], mounts=null, pidMode=null, isolation=null, securityOpts=null, storageOpt=null, cgroupParent=null, volumeDriver=null, shmSize=null, pidsLimit=null, runtime=null, tmpFs=null, utSMode=null, usernsMode=null, sysctls=null, consoleSize=null, cgroupnsMode=null),hostName=<null>,image=testcontainers/ryuk:0.5.1,ipv4Address=<null>,ipv6Address=<null>,labels={org.testcontainers=true, org.testcontainers.lang=java, org.testcontainers.version=1.19.0},macAddress=<null>,name=testcontainers-ryuk-63b6f132-4791-4107-bf40-862197cff523,networkDisabled=<null>,networkingConfig=<null>,onBuild=<null>,platform=<null>,portSpecs=<null>,shell=<null>,stdInOnce=<null>,stdinOpen=<null>,stopSignal=<null>,stopTimeout=<null>,tty=<null>,user=<null>,volumes=Volumes(volumes=[]),workingDir=<null>]
17:34:31.545 [main] DEBUG com.github.dockerjava.zerodep.shaded.org.apache.hc.client5.http.impl.classic.InternalHttpClient - ex-00000004: preparing request execution
17:34:31.546 [main] DEBUG com.github.dockerjava.zerodep.shaded.org.apache.hc.client5.http.protocol.RequestAddCookies - Cookie spec selected: strict
17:34:31.547 [main] DEBUG com.github.dockerjava.zerodep.shaded.org.apache.hc.client5.http.protocol.RequestAuthCache - Auth cache not set in the context
17:34:31.547 [main] DEBUG com.github.dockerjava.zerodep.shaded.org.apache.hc.client5.http.impl.classic.ProtocolExec - ex-00000004: target auth state: UNCHALLENGED
17:34:31.547 [main] DEBUG com.github.dockerjava.zerodep.shaded.org.apache.hc.client5.http.impl.classic.ProtocolExec - ex-00000004: proxy auth state: UNCHALLENGED
17:34:31.547 [main] DEBUG com.github.dockerjava.zerodep.shaded.org.apache.hc.client5.http.impl.classic.ConnectExec - ex-00000004: acquiring connection with route {}->unix://localhost:2375
17:34:31.548 [main] DEBUG com.github.dockerjava.zerodep.shaded.org.apache.hc.client5.http.impl.classic.InternalHttpClient - ex-00000004: acquiring endpoint (3 MINUTES)
17:34:31.548 [main] DEBUG com.github.dockerjava.zerodep.shaded.org.apache.hc.client5.http.impl.io.PoolingHttpClientConnectionManager - ex-00000004: endpoint lease request (3 MINUTES) [route: {}->unix://localhost:2375][total available: 1; route allocated: 1 of 2147483647; total allocated: 1 of 2147483647]
17:34:31.548 [main] DEBUG com.github.dockerjava.zerodep.shaded.org.apache.hc.client5.http.impl.io.PoolingHttpClientConnectionManager - ex-00000004: endpoint leased [route: {}->unix://localhost:2375][total available: 0; route allocated: 1 of 2147483647; total allocated: 1 of 2147483647]
17:34:31.548 [main] DEBUG com.github.dockerjava.zerodep.shaded.org.apache.hc.client5.http.impl.io.PoolingHttpClientConnectionManager - ex-00000004: acquired ep-00000003
17:34:31.549 [main] DEBUG com.github.dockerjava.zerodep.shaded.org.apache.hc.client5.http.impl.classic.InternalHttpClient - ex-00000004: acquired endpoint ep-00000003
17:34:31.549 [main] DEBUG com.github.dockerjava.zerodep.shaded.org.apache.hc.client5.http.impl.classic.MainClientExec - ex-00000004: executing POST /v1.32/containers/create?name=testcontainers-ryuk-63b6f132-4791-4107-bf40-862197cff523 HTTP/1.1
17:34:31.549 [main] DEBUG com.github.dockerjava.zerodep.shaded.org.apache.hc.client5.http.impl.classic.InternalHttpClient - ep-00000003: start execution ex-00000004
17:34:31.549 [main] DEBUG com.github.dockerjava.zerodep.shaded.org.apache.hc.client5.http.impl.io.PoolingHttpClientConnectionManager - ep-00000003: executing exchange ex-00000004 over http-outgoing-0
17:34:31.549 [main] DEBUG com.github.dockerjava.zerodep.shaded.org.apache.hc.client5.http.headers - http-outgoing-0 >> POST /v1.32/containers/create?name=testcontainers-ryuk-63b6f132-4791-4107-bf40-862197cff523 HTTP/1.1
17:34:31.549 [main] DEBUG com.github.dockerjava.zerodep.shaded.org.apache.hc.client5.http.headers - http-outgoing-0 >> accept: application/json
17:34:31.550 [main] DEBUG com.github.dockerjava.zerodep.shaded.org.apache.hc.client5.http.headers - http-outgoing-0 >> content-type: application/json
17:34:31.550 [main] DEBUG com.github.dockerjava.zerodep.shaded.org.apache.hc.client5.http.headers - http-outgoing-0 >> x-tc-sid: 63b6f132-4791-4107-bf40-862197cff523
17:34:31.550 [main] DEBUG com.github.dockerjava.zerodep.shaded.org.apache.hc.client5.http.headers - http-outgoing-0 >> User-Agent: tc-java/1.19.0
17:34:31.550 [main] DEBUG com.github.dockerjava.zerodep.shaded.org.apache.hc.client5.http.headers - http-outgoing-0 >> Accept-Encoding: gzip, x-gzip, deflate
17:34:31.550 [main] DEBUG com.github.dockerjava.zerodep.shaded.org.apache.hc.client5.http.headers - http-outgoing-0 >> Content-Length: 1954
17:34:31.550 [main] DEBUG com.github.dockerjava.zerodep.shaded.org.apache.hc.client5.http.headers - http-outgoing-0 >> Host: localhost:2375
17:34:31.550 [main] DEBUG com.github.dockerjava.zerodep.shaded.org.apache.hc.client5.http.headers - http-outgoing-0 >> Connection: keep-alive
17:34:31.551 [main] DEBUG com.github.dockerjava.zerodep.shaded.org.apache.hc.client5.http.wire - http-outgoing-0 >> "POST /v1.32/containers/create?name=testcontainers-ryuk-63b6f132-4791-4107-bf40-862197cff523 HTTP/1.1[\r][\n]"
17:34:31.551 [main] DEBUG com.github.dockerjava.zerodep.shaded.org.apache.hc.client5.http.wire - http-outgoing-0 >> "accept: application/json[\r][\n]"
17:34:31.551 [main] DEBUG com.github.dockerjava.zerodep.shaded.org.apache.hc.client5.http.wire - http-outgoing-0 >> "content-type: application/json[\r][\n]"
17:34:31.551 [main] DEBUG com.github.dockerjava.zerodep.shaded.org.apache.hc.client5.http.wire - http-outgoing-0 >> "x-tc-sid: 63b6f132-4791-4107-bf40-862197cff523[\r][\n]"
17:34:31.551 [main] DEBUG com.github.dockerjava.zerodep.shaded.org.apache.hc.client5.http.wire - http-outgoing-0 >> "User-Agent: tc-java/1.19.0[\r][\n]"
17:34:31.551 [main] DEBUG com.github.dockerjava.zerodep.shaded.org.apache.hc.client5.http.wire - http-outgoing-0 >> "Accept-Encoding: gzip, x-gzip, deflate[\r][\n]"
17:34:31.551 [main] DEBUG com.github.dockerjava.zerodep.shaded.org.apache.hc.client5.http.wire - http-outgoing-0 >> "Content-Length: 1954[\r][\n]"
17:34:31.551 [main] DEBUG com.github.dockerjava.zerodep.shaded.org.apache.hc.client5.http.wire - http-outgoing-0 >> "Host: localhost:2375[\r][\n]"
17:34:31.551 [main] DEBUG com.github.dockerjava.zerodep.shaded.org.apache.hc.client5.http.wire - http-outgoing-0 >> "Connection: keep-alive[\r][\n]"
17:34:31.551 [main] DEBUG com.github.dockerjava.zerodep.shaded.org.apache.hc.client5.http.wire - http-outgoing-0 >> "[\r][\n]"
17:34:31.552 [main] DEBUG com.github.dockerjava.zerodep.shaded.org.apache.hc.client5.http.wire - http-outgoing-0 >> "{"Hostname":null,"Domainname":null,"User":null,"AttachStdin":null,"AttachStdout":null,"AttachStderr":null,"PortSpecs":null,"Tty":null,"OpenStdin":null,"StdinOnce":null,"Env":[],"Cmd":[],"Healthcheck":null,"ArgsEscaped":null,"Entrypoint":null,"Image":"testcontainers/ryuk:0.5.1","Volumes":{},"WorkingDir":null,"MacAddress":null,"OnBuild":null,"NetworkDisabled":null,"ExposedPorts":{"8080/tcp":{}},"StopSignal":null,"StopTimeout":null,"HostConfig":{"Binds":["/var/run/docker.sock:/var/run/docker.sock:rw"],"BlkioWeight":null,"BlkioWeightDevice":null,"BlkioDeviceReadBps":null,"BlkioDeviceWriteBps":null,"BlkioDeviceReadIOps":null,"BlkioDeviceWriteIOps":null,"MemorySwappiness":null,"NanoCpus":null,"CapAdd":null,"CapDrop":null,"ContainerIDFile":null,"CpuPeriod":null,"CpuRealtimePeriod":null,"CpuRealtimeRuntime":null,"CpuShares":null,"CpuQuota":null,"CpusetCpus":null,"CpusetMems":null,"Devices":null,"DeviceCgroupRules":null,"DeviceRequests":null,"DiskQuota":null,"Dns":null,"DnsOptions":null,"DnsSearch":null,"ExtraHosts":[],"GroupAdd":null,"IpcMode":null,"Cgroup":null,"Links":[],"LogConfig":null,"LxcConf":null,"Memory":null,"MemorySwap":null,"MemoryReservation":null,"KernelMemory":null,"NetworkMode":null,"OomKillDisable":null,"Init":null,"AutoRemove":true,"OomScoreAdj":null,"PortBindings":{"8080/tcp":[{"HostIp":"","HostPort":""}]},"Privileged":true,"PublishAllPorts":null,"ReadonlyRootfs":null,"RestartPolicy":null,"Ulimits":null,"CpuCount":null,"CpuPercent":null,"IOMaximumIOps":null,"IOMaximumBandwidth":null,"VolumesFrom":[],"Mounts":null,"PidMode":null,"Isolation":null,"SecurityOpt":null,"StorageOpt":null,"CgroupParent":null,"VolumeDriver":null,"ShmSize":null,"PidsLimit":null,"Runtime":null,"Tmpfs":null,"UTSMode":null,"UsernsMode":null,"Sysctls":null,"ConsoleSize":null,"CgroupnsMode":null},"Labels":{"org.testcontainers":"true","org.testcontainers.lang":"java","org.testcontainers.version":"1.19.0"},"Shell":null,"NetworkingConfig":null}"
17:34:31.728 [main] DEBUG com.github.dockerjava.zerodep.shaded.org.apache.hc.client5.http.wire - http-outgoing-0 << "HTTP/1.1 201 Created[\r][\n]"
17:34:31.729 [main] DEBUG com.github.dockerjava.zerodep.shaded.org.apache.hc.client5.http.wire - http-outgoing-0 << "Api-Version: 1.47[\r][\n]"
17:34:31.729 [main] DEBUG com.github.dockerjava.zerodep.shaded.org.apache.hc.client5.http.wire - http-outgoing-0 << "Content-Type: application/json[\r][\n]"
17:34:31.729 [main] DEBUG com.github.dockerjava.zerodep.shaded.org.apache.hc.client5.http.wire - http-outgoing-0 << "Docker-Experimental: false[\r][\n]"
17:34:31.729 [main] DEBUG com.github.dockerjava.zerodep.shaded.org.apache.hc.client5.http.wire - http-outgoing-0 << "Ostype: linux[\r][\n]"
17:34:31.729 [main] DEBUG com.github.dockerjava.zerodep.shaded.org.apache.hc.client5.http.wire - http-outgoing-0 << "Server: Docker/27.4.1 (linux)[\r][\n]"
17:34:31.729 [main] DEBUG com.github.dockerjava.zerodep.shaded.org.apache.hc.client5.http.wire - http-outgoing-0 << "Date: Fri, 20 Dec 2024 16:34:31 GMT[\r][\n]"
17:34:31.729 [main] DEBUG com.github.dockerjava.zerodep.shaded.org.apache.hc.client5.http.wire - http-outgoing-0 << "Content-Length: 88[\r][\n]"
17:34:31.730 [main] DEBUG com.github.dockerjava.zerodep.shaded.org.apache.hc.client5.http.wire - http-outgoing-0 << "[\r][\n]"
17:34:31.730 [main] DEBUG com.github.dockerjava.zerodep.shaded.org.apache.hc.client5.http.wire - http-outgoing-0 << "{"Id":"2870c85a150b58e13964ce7f03c5cc4833e4722f44c00264efaf25dac30ad001","Warnings":[]}[\n]"
17:34:31.730 [main] DEBUG com.github.dockerjava.zerodep.shaded.org.apache.hc.client5.http.headers - http-outgoing-0 << HTTP/1.1 201 Created
17:34:31.730 [main] DEBUG com.github.dockerjava.zerodep.shaded.org.apache.hc.client5.http.headers - http-outgoing-0 << Api-Version: 1.47
17:34:31.730 [main] DEBUG com.github.dockerjava.zerodep.shaded.org.apache.hc.client5.http.headers - http-outgoing-0 << Content-Type: application/json
17:34:31.730 [main] DEBUG com.github.dockerjava.zerodep.shaded.org.apache.hc.client5.http.headers - http-outgoing-0 << Docker-Experimental: false
17:34:31.730 [main] DEBUG com.github.dockerjava.zerodep.shaded.org.apache.hc.client5.http.headers - http-outgoing-0 << Ostype: linux
17:34:31.730 [main] DEBUG com.github.dockerjava.zerodep.shaded.org.apache.hc.client5.http.headers - http-outgoing-0 << Server: Docker/27.4.1 (linux)
17:34:31.730 [main] DEBUG com.github.dockerjava.zerodep.shaded.org.apache.hc.client5.http.headers - http-outgoing-0 << Date: Fri, 20 Dec 2024 16:34:31 GMT
17:34:31.731 [main] DEBUG com.github.dockerjava.zerodep.shaded.org.apache.hc.client5.http.headers - http-outgoing-0 << Content-Length: 88
17:34:31.732 [main] DEBUG com.github.dockerjava.zerodep.shaded.org.apache.hc.client5.http.impl.classic.MainClientExec - ex-00000004: connection can be kept alive for 3 MINUTES
17:34:31.736 [main] DEBUG com.github.dockerjava.zerodep.shaded.org.apache.hc.client5.http.impl.classic.InternalHttpClient - ep-00000003: releasing valid endpoint
17:34:31.736 [main] DEBUG com.github.dockerjava.zerodep.shaded.org.apache.hc.client5.http.impl.io.PoolingHttpClientConnectionManager - ep-00000003: releasing endpoint
17:34:31.736 [main] DEBUG com.github.dockerjava.zerodep.shaded.org.apache.hc.client5.http.impl.io.PoolingHttpClientConnectionManager - ep-00000003: connection http-outgoing-0 can be kept alive for 3 MINUTES
17:34:31.736 [main] DEBUG com.github.dockerjava.zerodep.shaded.org.apache.hc.client5.http.impl.io.PoolingHttpClientConnectionManager - ep-00000003: connection released [route: {}->unix://localhost:2375][total available: 1; route allocated: 1 of 2147483647; total allocated: 1 of 2147483647]
17:34:31.739 [main] INFO tc.testcontainers/ryuk:0.5.1 - Container testcontainers/ryuk:0.5.1 is starting: 2870c85a150b58e13964ce7f03c5cc4833e4722f44c00264efaf25dac30ad001
17:34:31.741 [main] DEBUG org.testcontainers.shaded.com.github.dockerjava.core.command.AbstrDockerCmd - Cmd: 2870c85a150b58e13964ce7f03c5cc4833e4722f44c00264efaf25dac30ad001
17:34:31.742 [main] DEBUG com.github.dockerjava.zerodep.shaded.org.apache.hc.client5.http.impl.classic.InternalHttpClient - ex-00000005: preparing request execution
17:34:31.742 [main] DEBUG com.github.dockerjava.zerodep.shaded.org.apache.hc.client5.http.protocol.RequestAddCookies - Cookie spec selected: strict
17:34:31.743 [main] DEBUG com.github.dockerjava.zerodep.shaded.org.apache.hc.client5.http.protocol.RequestAuthCache - Auth cache not set in the context
17:34:31.743 [main] DEBUG com.github.dockerjava.zerodep.shaded.org.apache.hc.client5.http.impl.classic.ProtocolExec - ex-00000005: target auth state: UNCHALLENGED
17:34:31.743 [main] DEBUG com.github.dockerjava.zerodep.shaded.org.apache.hc.client5.http.impl.classic.ProtocolExec - ex-00000005: proxy auth state: UNCHALLENGED
17:34:31.743 [main] DEBUG com.github.dockerjava.zerodep.shaded.org.apache.hc.client5.http.impl.classic.ConnectExec - ex-00000005: acquiring connection with route {}->unix://localhost:2375
17:34:31.743 [main] DEBUG com.github.dockerjava.zerodep.shaded.org.apache.hc.client5.http.impl.classic.InternalHttpClient - ex-00000005: acquiring endpoint (3 MINUTES)
17:34:31.743 [main] DEBUG com.github.dockerjava.zerodep.shaded.org.apache.hc.client5.http.impl.io.PoolingHttpClientConnectionManager - ex-00000005: endpoint lease request (3 MINUTES) [route: {}->unix://localhost:2375][total available: 1; route allocated: 1 of 2147483647; total allocated: 1 of 2147483647]
17:34:31.743 [main] DEBUG com.github.dockerjava.zerodep.shaded.org.apache.hc.client5.http.impl.io.PoolingHttpClientConnectionManager - ex-00000005: endpoint leased [route: {}->unix://localhost:2375][total available: 0; route allocated: 1 of 2147483647; total allocated: 1 of 2147483647]
17:34:31.743 [main] DEBUG com.github.dockerjava.zerodep.shaded.org.apache.hc.client5.http.impl.io.PoolingHttpClientConnectionManager - ex-00000005: acquired ep-00000004
17:34:31.744 [main] DEBUG com.github.dockerjava.zerodep.shaded.org.apache.hc.client5.http.impl.classic.InternalHttpClient - ex-00000005: acquired endpoint ep-00000004
17:34:31.744 [main] DEBUG com.github.dockerjava.zerodep.shaded.org.apache.hc.client5.http.impl.classic.MainClientExec - ex-00000005: executing POST /v1.32/containers/2870c85a150b58e13964ce7f03c5cc4833e4722f44c00264efaf25dac30ad001/start HTTP/1.1
17:34:31.744 [main] DEBUG com.github.dockerjava.zerodep.shaded.org.apache.hc.client5.http.impl.classic.InternalHttpClient - ep-00000004: start execution ex-00000005
17:34:31.744 [main] DEBUG com.github.dockerjava.zerodep.shaded.org.apache.hc.client5.http.impl.io.PoolingHttpClientConnectionManager - ep-00000004: executing exchange ex-00000005 over http-outgoing-0
17:34:31.744 [main] DEBUG com.github.dockerjava.zerodep.shaded.org.apache.hc.client5.http.headers - http-outgoing-0 >> POST /v1.32/containers/2870c85a150b58e13964ce7f03c5cc4833e4722f44c00264efaf25dac30ad001/start HTTP/1.1
17:34:31.744 [main] DEBUG com.github.dockerjava.zerodep.shaded.org.apache.hc.client5.http.headers - http-outgoing-0 >> accept: application/json
17:34:31.744 [main] DEBUG com.github.dockerjava.zerodep.shaded.org.apache.hc.client5.http.headers - http-outgoing-0 >> content-type: application/json
17:34:31.744 [main] DEBUG com.github.dockerjava.zerodep.shaded.org.apache.hc.client5.http.headers - http-outgoing-0 >> x-tc-sid: 63b6f132-4791-4107-bf40-862197cff523
17:34:31.744 [main] DEBUG com.github.dockerjava.zerodep.shaded.org.apache.hc.client5.http.headers - http-outgoing-0 >> User-Agent: tc-java/1.19.0
17:34:31.745 [main] DEBUG com.github.dockerjava.zerodep.shaded.org.apache.hc.client5.http.headers - http-outgoing-0 >> Accept-Encoding: gzip, x-gzip, deflate
17:34:31.745 [main] DEBUG com.github.dockerjava.zerodep.shaded.org.apache.hc.client5.http.headers - http-outgoing-0 >> Host: localhost:2375
17:34:31.745 [main] DEBUG com.github.dockerjava.zerodep.shaded.org.apache.hc.client5.http.headers - http-outgoing-0 >> Connection: keep-alive
17:34:31.745 [main] DEBUG com.github.dockerjava.zerodep.shaded.org.apache.hc.client5.http.wire - http-outgoing-0 >> "POST /v1.32/containers/2870c85a150b58e13964ce7f03c5cc4833e4722f44c00264efaf25dac30ad001/start HTTP/1.1[\r][\n]"
17:34:31.745 [main] DEBUG com.github.dockerjava.zerodep.shaded.org.apache.hc.client5.http.wire - http-outgoing-0 >> "accept: application/json[\r][\n]"
17:34:31.745 [main] DEBUG com.github.dockerjava.zerodep.shaded.org.apache.hc.client5.http.wire - http-outgoing-0 >> "content-type: application/json[\r][\n]"
17:34:31.745 [main] DEBUG com.github.dockerjava.zerodep.shaded.org.apache.hc.client5.http.wire - http-outgoing-0 >> "x-tc-sid: 63b6f132-4791-4107-bf40-862197cff523[\r][\n]"
17:34:31.745 [main] DEBUG com.github.dockerjava.zerodep.shaded.org.apache.hc.client5.http.wire - http-outgoing-0 >> "User-Agent: tc-java/1.19.0[\r][\n]"
17:34:31.745 [main] DEBUG com.github.dockerjava.zerodep.shaded.org.apache.hc.client5.http.wire - http-outgoing-0 >> "Accept-Encoding: gzip, x-gzip, deflate[\r][\n]"
17:34:31.745 [main] DEBUG com.github.dockerjava.zerodep.shaded.org.apache.hc.client5.http.wire - http-outgoing-0 >> "Host: localhost:2375[\r][\n]"
17:34:31.745 [main] DEBUG com.github.dockerjava.zerodep.shaded.org.apache.hc.client5.http.wire - http-outgoing-0 >> "Connection: keep-alive[\r][\n]"
17:34:31.746 [main] DEBUG com.github.dockerjava.zerodep.shaded.org.apache.hc.client5.http.wire - http-outgoing-0 >> "[\r][\n]"
17:34:32.117 [main] DEBUG com.github.dockerjava.zerodep.shaded.org.apache.hc.client5.http.wire - http-outgoing-0 << "HTTP/1.1 204 No Content[\r][\n]"
17:34:32.118 [main] DEBUG com.github.dockerjava.zerodep.shaded.org.apache.hc.client5.http.wire - http-outgoing-0 << "Api-Version: 1.47[\r][\n]"
17:34:32.118 [main] DEBUG com.github.dockerjava.zerodep.shaded.org.apache.hc.client5.http.wire - http-outgoing-0 << "Docker-Experimental: false[\r][\n]"
17:34:32.118 [main] DEBUG com.github.dockerjava.zerodep.shaded.org.apache.hc.client5.http.wire - http-outgoing-0 << "Ostype: linux[\r][\n]"
17:34:32.118 [main] DEBUG com.github.dockerjava.zerodep.shaded.org.apache.hc.client5.http.wire - http-outgoing-0 << "Server: Docker/27.4.1 (linux)[\r][\n]"
17:34:32.118 [main] DEBUG com.github.dockerjava.zerodep.shaded.org.apache.hc.client5.http.wire - http-outgoing-0 << "Date: Fri, 20 Dec 2024 16:34:32 GMT[\r][\n]"
17:34:32.118 [main] DEBUG com.github.dockerjava.zerodep.shaded.org.apache.hc.client5.http.wire - http-outgoing-0 << "[\r][\n]"
17:34:32.119 [main] DEBUG com.github.dockerjava.zerodep.shaded.org.apache.hc.client5.http.headers - http-outgoing-0 << HTTP/1.1 204 No Content
17:34:32.119 [main] DEBUG com.github.dockerjava.zerodep.shaded.org.apache.hc.client5.http.headers - http-outgoing-0 << Api-Version: 1.47
17:34:32.119 [main] DEBUG com.github.dockerjava.zerodep.shaded.org.apache.hc.client5.http.headers - http-outgoing-0 << Docker-Experimental: false
17:34:32.119 [main] DEBUG com.github.dockerjava.zerodep.shaded.org.apache.hc.client5.http.headers - http-outgoing-0 << Ostype: linux
17:34:32.119 [main] DEBUG com.github.dockerjava.zerodep.shaded.org.apache.hc.client5.http.headers - http-outgoing-0 << Server: Docker/27.4.1 (linux)
17:34:32.119 [main] DEBUG com.github.dockerjava.zerodep.shaded.org.apache.hc.client5.http.headers - http-outgoing-0 << Date: Fri, 20 Dec 2024 16:34:32 GMT
17:34:32.119 [main] DEBUG com.github.dockerjava.zerodep.shaded.org.apache.hc.client5.http.impl.classic.MainClientExec - ex-00000005: connection can be kept alive for 3 MINUTES
17:34:32.119 [main] DEBUG com.github.dockerjava.zerodep.shaded.org.apache.hc.client5.http.impl.classic.InternalHttpClient - ep-00000004: releasing valid endpoint
17:34:32.119 [main] DEBUG com.github.dockerjava.zerodep.shaded.org.apache.hc.client5.http.impl.io.PoolingHttpClientConnectionManager - ep-00000004: releasing endpoint
17:34:32.120 [main] DEBUG com.github.dockerjava.zerodep.shaded.org.apache.hc.client5.http.impl.io.PoolingHttpClientConnectionManager - ep-00000004: connection http-outgoing-0 can be kept alive for 3 MINUTES
17:34:32.120 [main] DEBUG com.github.dockerjava.zerodep.shaded.org.apache.hc.client5.http.impl.io.PoolingHttpClientConnectionManager - ep-00000004: connection released [route: {}->unix://localhost:2375][total available: 1; route allocated: 1 of 2147483647; total allocated: 1 of 2147483647]
17:34:32.126 [main] DEBUG org.testcontainers.shaded.com.github.dockerjava.core.command.AbstrDockerCmd - Cmd: 2870c85a150b58e13964ce7f03c5cc4833e4722f44c00264efaf25dac30ad001,false
17:34:32.129 [main] DEBUG org.testcontainers.shaded.com.github.dockerjava.core.exec.InspectContainerCmdExec - GET: DefaultWebTarget{path=[/containers/2870c85a150b58e13964ce7f03c5cc4833e4722f44c00264efaf25dac30ad001/json], queryParams={}}
17:34:32.130 [main] DEBUG com.github.dockerjava.zerodep.shaded.org.apache.hc.client5.http.impl.classic.InternalHttpClient - ex-00000006: preparing request execution
17:34:32.130 [main] DEBUG com.github.dockerjava.zerodep.shaded.org.apache.hc.client5.http.protocol.RequestAddCookies - Cookie spec selected: strict
17:34:32.130 [main] DEBUG com.github.dockerjava.zerodep.shaded.org.apache.hc.client5.http.protocol.RequestAuthCache - Auth cache not set in the context
17:34:32.131 [main] DEBUG com.github.dockerjava.zerodep.shaded.org.apache.hc.client5.http.impl.classic.ProtocolExec - ex-00000006: target auth state: UNCHALLENGED
17:34:32.131 [main] DEBUG com.github.dockerjava.zerodep.shaded.org.apache.hc.client5.http.impl.classic.ProtocolExec - ex-00000006: proxy auth state: UNCHALLENGED
17:34:32.131 [main] DEBUG com.github.dockerjava.zerodep.shaded.org.apache.hc.client5.http.impl.classic.ConnectExec - ex-00000006: acquiring connection with route {}->unix://localhost:2375
17:34:32.131 [main] DEBUG com.github.dockerjava.zerodep.shaded.org.apache.hc.client5.http.impl.classic.InternalHttpClient - ex-00000006: acquiring endpoint (3 MINUTES)
17:34:32.131 [main] DEBUG com.github.dockerjava.zerodep.shaded.org.apache.hc.client5.http.impl.io.PoolingHttpClientConnectionManager - ex-00000006: endpoint lease request (3 MINUTES) [route: {}->unix://localhost:2375][total available: 1; route allocated: 1 of 2147483647; total allocated: 1 of 2147483647]
17:34:32.131 [main] DEBUG com.github.dockerjava.zerodep.shaded.org.apache.hc.client5.http.impl.io.PoolingHttpClientConnectionManager - ex-00000006: endpoint leased [route: {}->unix://localhost:2375][total available: 0; route allocated: 1 of 2147483647; total allocated: 1 of 2147483647]
17:34:32.131 [main] DEBUG com.github.dockerjava.zerodep.shaded.org.apache.hc.client5.http.impl.io.PoolingHttpClientConnectionManager - ex-00000006: acquired ep-00000005
17:34:32.131 [main] DEBUG com.github.dockerjava.zerodep.shaded.org.apache.hc.client5.http.impl.classic.InternalHttpClient - ex-00000006: acquired endpoint ep-00000005
17:34:32.132 [main] DEBUG com.github.dockerjava.zerodep.shaded.org.apache.hc.client5.http.impl.classic.MainClientExec - ex-00000006: executing GET /v1.32/containers/2870c85a150b58e13964ce7f03c5cc4833e4722f44c00264efaf25dac30ad001/json HTTP/1.1
17:34:32.132 [main] DEBUG com.github.dockerjava.zerodep.shaded.org.apache.hc.client5.http.impl.classic.InternalHttpClient - ep-00000005: start execution ex-00000006
17:34:32.132 [main] DEBUG com.github.dockerjava.zerodep.shaded.org.apache.hc.client5.http.impl.io.PoolingHttpClientConnectionManager - ep-00000005: executing exchange ex-00000006 over http-outgoing-0
17:34:32.132 [main] DEBUG com.github.dockerjava.zerodep.shaded.org.apache.hc.client5.http.headers - http-outgoing-0 >> GET /v1.32/containers/2870c85a150b58e13964ce7f03c5cc4833e4722f44c00264efaf25dac30ad001/json HTTP/1.1
17:34:32.132 [main] DEBUG com.github.dockerjava.zerodep.shaded.org.apache.hc.client5.http.headers - http-outgoing-0 >> accept: application/json
17:34:32.132 [main] DEBUG com.github.dockerjava.zerodep.shaded.org.apache.hc.client5.http.headers - http-outgoing-0 >> x-tc-sid: 63b6f132-4791-4107-bf40-862197cff523
17:34:32.132 [main] DEBUG com.github.dockerjava.zerodep.shaded.org.apache.hc.client5.http.headers - http-outgoing-0 >> User-Agent: tc-java/1.19.0
17:34:32.132 [main] DEBUG com.github.dockerjava.zerodep.shaded.org.apache.hc.client5.http.headers - http-outgoing-0 >> Accept-Encoding: gzip, x-gzip, deflate
17:34:32.133 [main] DEBUG com.github.dockerjava.zerodep.shaded.org.apache.hc.client5.http.headers - http-outgoing-0 >> Host: localhost:2375
17:34:32.133 [main] DEBUG com.github.dockerjava.zerodep.shaded.org.apache.hc.client5.http.headers - http-outgoing-0 >> Connection: keep-alive
17:34:32.133 [main] DEBUG com.github.dockerjava.zerodep.shaded.org.apache.hc.client5.http.wire - http-outgoing-0 >> "GET /v1.32/containers/2870c85a150b58e13964ce7f03c5cc4833e4722f44c00264efaf25dac30ad001/json HTTP/1.1[\r][\n]"
17:34:32.133 [main] DEBUG com.github.dockerjava.zerodep.shaded.org.apache.hc.client5.http.wire - http-outgoing-0 >> "accept: application/json[\r][\n]"
17:34:32.133 [main] DEBUG com.github.dockerjava.zerodep.shaded.org.apache.hc.client5.http.wire - http-outgoing-0 >> "x-tc-sid: 63b6f132-4791-4107-bf40-862197cff523[\r][\n]"
17:34:32.133 [main] DEBUG com.github.dockerjava.zerodep.shaded.org.apache.hc.client5.http.wire - http-outgoing-0 >> "User-Agent: tc-java/1.19.0[\r][\n]"
17:34:32.133 [main] DEBUG com.github.dockerjava.zerodep.shaded.org.apache.hc.client5.http.wire - http-outgoing-0 >> "Accept-Encoding: gzip, x-gzip, deflate[\r][\n]"
17:34:32.133 [main] DEBUG com.github.dockerjava.zerodep.shaded.org.apache.hc.client5.http.wire - http-outgoing-0 >> "Host: localhost:2375[\r][\n]"
17:34:32.133 [main] DEBUG com.github.dockerjava.zerodep.shaded.org.apache.hc.client5.http.wire - http-outgoing-0 >> "Connection: keep-alive[\r][\n]"
17:34:32.133 [main] DEBUG com.github.dockerjava.zerodep.shaded.org.apache.hc.client5.http.wire - http-outgoing-0 >> "[\r][\n]"
17:34:32.134 [main] DEBUG com.github.dockerjava.zerodep.shaded.org.apache.hc.client5.http.wire - http-outgoing-0 << "HTTP/1.1 200 OK[\r][\n]"
17:34:32.134 [main] DEBUG com.github.dockerjava.zerodep.shaded.org.apache.hc.client5.http.wire - http-outgoing-0 << "Api-Version: 1.47[\r][\n]"
17:34:32.134 [main] DEBUG com.github.dockerjava.zerodep.shaded.org.apache.hc.client5.http.wire - http-outgoing-0 << "Content-Type: application/json[\r][\n]"
17:34:32.134 [main] DEBUG com.github.dockerjava.zerodep.shaded.org.apache.hc.client5.http.wire - http-outgoing-0 << "Docker-Experimental: false[\r][\n]"
17:34:32.134 [main] DEBUG com.github.dockerjava.zerodep.shaded.org.apache.hc.client5.http.wire - http-outgoing-0 << "Ostype: linux[\r][\n]"
17:34:32.134 [main] DEBUG com.github.dockerjava.zerodep.shaded.org.apache.hc.client5.http.wire - http-outgoing-0 << "Server: Docker/27.4.1 (linux)[\r][\n]"
17:34:32.134 [main] DEBUG com.github.dockerjava.zerodep.shaded.org.apache.hc.client5.http.wire - http-outgoing-0 << "Date: Fri, 20 Dec 2024 16:34:32 GMT[\r][\n]"
17:34:32.135 [main] DEBUG com.github.dockerjava.zerodep.shaded.org.apache.hc.client5.http.wire - http-outgoing-0 << "Transfer-Encoding: chunked[\r][\n]"
17:34:32.135 [main] DEBUG com.github.dockerjava.zerodep.shaded.org.apache.hc.client5.http.wire - http-outgoing-0 << "[\r][\n]"
17:34:32.135 [main] DEBUG com.github.dockerjava.zerodep.shaded.org.apache.hc.client5.http.wire - http-outgoing-0 << "1394[\r][\n]"
17:34:32.135 [main] DEBUG com.github.dockerjava.zerodep.shaded.org.apache.hc.client5.http.wire - http-outgoing-0 << "{"Id":"2870c85a150b58e13964ce7f03c5cc4833e4722f44c00264efaf25dac30ad001","Created":"2024-12-20T16:34:31.554199992Z","Path":"/bin/ryuk","Args":[],"State":{"Status":"running","Running":true,"Paused":false,"Restarting":false,"OOMKilled":false,"Dead":false,"Pid":24857,"ExitCode":0,"Error":"","StartedAt":"2024-12-20T16:34:31.883620387Z","FinishedAt":"0001-01-01T00:00:00Z"},"Image":"sha256:ec913eeff75a6b5ed284cf17e186213a466ec10a8f471798318ffa0813b5d828","ResolvConfPath":"/var/lib/docker/containers/2870c85a150b58e13964ce7f03c5cc4833e4722f44c00264efaf25dac30ad001/resolv.conf","HostnamePath":"/var/lib/docker/containers/2870c85a150b58e13964ce7f03c5cc4833e4722f44c00264efaf25dac30ad001/hostname","HostsPath":"/var/lib/docker/containers/2870c85a150b58e13964ce7f03c5cc4833e4722f44c00264efaf25dac30ad001/hosts","LogPath":"/var/lib/docker/containers/2870c85a150b58e13964ce7f03c5cc4833e4722f44c00264efaf25dac30ad001/2870c85a150b58e13964ce7f03c5cc4833e4722f44c00264efaf25dac30ad001-json.log","Name":"/testcontainers-ryuk-63b6f132-4791-4107-bf40-862197cff523","RestartCount":0,"Driver":"overlay2","Platform":"linux","MountLabel":"","ProcessLabel":"","AppArmorProfile":"","ExecIDs":null,"HostConfig":{"Binds":["/var/run/docker.sock:/var/run/docker.sock:rw"],"ContainerIDFile":"","LogConfig":{"Type":"json-file","Config":{}},"NetworkMode":"bridge","PortBindings":{"8080/tcp":[{"HostIp":"","HostPort":""}]},"RestartPolicy":{"Name":"no","MaximumRetryCount":0},"AutoRemove":true,"VolumeDriver":"","VolumesFrom":[],"ConsoleSize":[0,0],"CapAdd":null,"CapDrop":null,"CgroupnsMode":"private","Dns":null,"DnsOptions":null,"DnsSearch":null,"ExtraHosts":[],"GroupAdd":null,"IpcMode":"shareable","Cgroup":"","Links":null,"OomScoreAdj":0,"PidMode":"","Privileged":true,"PublishAllPorts":false,"ReadonlyRootfs":false,"SecurityOpt":["label=disable"],"UTSMode":"","UsernsMode":"","ShmSize":67108864,"Runtime":"runc","Isolation":"","CpuShares":0,"Memory":0,"NanoCpus":0,"CgroupParent":"","BlkioWeight":0,"BlkioWeightDevice":null,"BlkioDeviceReadBps":null,"BlkioDeviceWriteBps":null,"BlkioDeviceReadIOps":null,"BlkioDeviceWriteIOps":null,"CpuPeriod":0,"CpuQuota":0,"CpuRealtimePeriod":0,"CpuRealtimeRuntime":0,"CpusetCpus":"","CpusetMems":"","Devices":null,"DeviceCgroupRules":null,"DeviceRequests":null,"MemoryReservation":0,"MemorySwap":0,"MemorySwappiness":null,"OomKillDisable":null,"PidsLimit":null,"Ulimits":null,"CpuCount":0,"CpuPercent":0,"IOMaximumIOps":0,"IOMaximumBandwidth":0,"MaskedPaths":null,"ReadonlyPaths":null},"GraphDriver":{"Data":{"LowerDir":"/var/lib/docker/overlay2/e0e133ad271118a68768e44c3b40d40b777c915c2e8c4659a7f0f40781476f0c-init/diff:/var/lib/docker/overlay2/98c5b2b33051f06f36130c34cb6464a7533a8f4f6eb67ef3bced1db3384d9970/diff:/var/lib/docker/overlay2/f84a36d936a1be1b248fbdd69b94d7fbc1db13d847ca0c75c1db2405f67d5067/diff:/var/lib/docker/overlay2/e05755434ac8f02ae706e37bde6cee97dd9a22f880e924b751c98b36c9b169fe/diff","MergedDir":"/var/lib/docker/overlay2/e0e133ad271118a68768e44c3b40d40b777c915c2e8c4659a7f0f40781476f0c/merged","UpperDir":"/var/lib/docker/overlay2/e0e133ad271118a68768e44c3b40d40b777c915c2e8c4659a7f0f40781476f0c/diff","WorkDir":"/var/lib/docker/overlay2/e0e133ad271118a68768e44c3b40d40b777c915c2e8c4659a7f0f40781476f0c/work"},"Name":"overlay2"},"Mounts":[{"Type":"bind","Source":"/var/run/docker.sock","Destination":"/var/run/docker.sock","Mode":"rw","RW":true,"Propagation":"rprivate"}],"Config":{"Hostname":"2870c85a150b","Domainname":"","User":"","AttachStdin":false,"AttachStdout":false,"AttachStderr":false,"ExposedPorts":{"8080/tcp":{}},"Tty":false,"OpenStdin":false,"StdinOnce":false,"Env":["PATH=/usr/local/sbin:/usr/local/bin:/usr/sbin:/usr/bin:/sbin:/bin"],"Cmd":["/bin/ryuk"],"Image":"testcontainers/ryuk:0.5.1","Volumes":null,"WorkingDir":"","Entrypoint":null,"OnBuild":null,"Labels":{"org.testcontainers":"true","org.testcontainers.lang":"java","org.testcontainers.ryuk":"true","org.testcontainers.version":"1.19.0"}},"NetworkSettings":{"Bridge":"","SandboxID":"7b823f89774ef2ef6b24c318b444b417a74a653e75474c7ed16c161bac813ad1","SandboxKey":"/var/run/docker/netns/7b823f89774e","Ports":{"8080/tcp":[{"HostIp":"0.0.0.0","HostPort":"32783"},{"HostIp":"::","HostPort":"32783"}]},"HairpinMode":false,"LinkLocalIPv6Address":"","LinkLocalIPv6PrefixLen":0,"SecondaryIPAddresses":null,"SecondaryIPv6Addresses":null,"EndpointID":"3ca8863868c93b93123c6bd4d34a8b3694dc3d8400cae831cf685c2db504fdc0","Gateway":"172.17.0.1","GlobalIPv6Address":"","GlobalIPv6PrefixLen":0,"IPAddress":"172.17.0.2","IPPrefixLen":16,"IPv6Gateway":"","MacAddress":"02:42:ac:11:00:02","Networks":{"bridge":{"IPAMConfig":null,"Links":null,"Aliases":null,"MacAddress":"02:42:ac:11:00:02","DriverOpts":null,"NetworkID":"4d84dadde01384434811c6a49ff4da853ccabbc18dda2cbb7366178edb86e673","EndpointID":"3ca8863868c93b93123c6bd4d34a8b3694dc3d8400cae831cf685c2db504fdc0","Gateway":"172.17.0.1","IPAddress":"172.17.0.2","IPPrefixLen":16,"IPv6Gateway":"","GlobalIPv6Address":"","GlobalIPv6PrefixLen":0,"DNSNames":null}}}}[\n]"
17:34:32.136 [main] DEBUG com.github.dockerjava.zerodep.shaded.org.apache.hc.client5.http.wire - http-outgoing-0 << "[\r][\n]"
17:34:32.136 [main] DEBUG com.github.dockerjava.zerodep.shaded.org.apache.hc.client5.http.wire - http-outgoing-0 << "0[\r][\n]"
17:34:32.136 [main] DEBUG com.github.dockerjava.zerodep.shaded.org.apache.hc.client5.http.wire - http-outgoing-0 << "[\r][\n]"
17:34:32.136 [main] DEBUG com.github.dockerjava.zerodep.shaded.org.apache.hc.client5.http.headers - http-outgoing-0 << HTTP/1.1 200 OK
17:34:32.136 [main] DEBUG com.github.dockerjava.zerodep.shaded.org.apache.hc.client5.http.headers - http-outgoing-0 << Api-Version: 1.47
17:34:32.136 [main] DEBUG com.github.dockerjava.zerodep.shaded.org.apache.hc.client5.http.headers - http-outgoing-0 << Content-Type: application/json
17:34:32.136 [main] DEBUG com.github.dockerjava.zerodep.shaded.org.apache.hc.client5.http.headers - http-outgoing-0 << Docker-Experimental: false
17:34:32.136 [main] DEBUG com.github.dockerjava.zerodep.shaded.org.apache.hc.client5.http.headers - http-outgoing-0 << Ostype: linux
17:34:32.136 [main] DEBUG com.github.dockerjava.zerodep.shaded.org.apache.hc.client5.http.headers - http-outgoing-0 << Server: Docker/27.4.1 (linux)
17:34:32.136 [main] DEBUG com.github.dockerjava.zerodep.shaded.org.apache.hc.client5.http.headers - http-outgoing-0 << Date: Fri, 20 Dec 2024 16:34:32 GMT
17:34:32.136 [main] DEBUG com.github.dockerjava.zerodep.shaded.org.apache.hc.client5.http.headers - http-outgoing-0 << Transfer-Encoding: chunked
17:34:32.137 [main] DEBUG com.github.dockerjava.zerodep.shaded.org.apache.hc.client5.http.impl.classic.MainClientExec - ex-00000006: connection can be kept alive for 3 MINUTES
17:34:32.279 [main] DEBUG com.github.dockerjava.zerodep.shaded.org.apache.hc.client5.http.impl.classic.InternalHttpClient - ep-00000005: releasing valid endpoint
17:34:32.279 [main] DEBUG com.github.dockerjava.zerodep.shaded.org.apache.hc.client5.http.impl.io.PoolingHttpClientConnectionManager - ep-00000005: releasing endpoint
17:34:32.280 [main] DEBUG com.github.dockerjava.zerodep.shaded.org.apache.hc.client5.http.impl.io.PoolingHttpClientConnectionManager - ep-00000005: connection http-outgoing-0 can be kept alive for 3 MINUTES
17:34:32.280 [main] DEBUG com.github.dockerjava.zerodep.shaded.org.apache.hc.client5.http.impl.io.PoolingHttpClientConnectionManager - ep-00000005: connection released [route: {}->unix://localhost:2375][total available: 1; route allocated: 1 of 2147483647; total allocated: 1 of 2147483647]
17:34:32.284 [main] DEBUG org.testcontainers.shaded.com.github.dockerjava.core.command.AbstrDockerCmd - Cmd: sha256:ec913eeff75a6b5ed284cf17e186213a466ec10a8f471798318ffa0813b5d828
17:34:32.286 [main] DEBUG com.github.dockerjava.zerodep.shaded.org.apache.hc.client5.http.impl.classic.InternalHttpClient - ex-00000007: preparing request execution
17:34:32.287 [main] DEBUG com.github.dockerjava.zerodep.shaded.org.apache.hc.client5.http.protocol.RequestAddCookies - Cookie spec selected: strict
17:34:32.287 [main] DEBUG com.github.dockerjava.zerodep.shaded.org.apache.hc.client5.http.protocol.RequestAuthCache - Auth cache not set in the context
17:34:32.287 [main] DEBUG com.github.dockerjava.zerodep.shaded.org.apache.hc.client5.http.impl.classic.ProtocolExec - ex-00000007: target auth state: UNCHALLENGED
17:34:32.287 [main] DEBUG com.github.dockerjava.zerodep.shaded.org.apache.hc.client5.http.impl.classic.ProtocolExec - ex-00000007: proxy auth state: UNCHALLENGED
17:34:32.287 [main] DEBUG com.github.dockerjava.zerodep.shaded.org.apache.hc.client5.http.impl.classic.ConnectExec - ex-00000007: acquiring connection with route {}->unix://localhost:2375
17:34:32.287 [main] DEBUG com.github.dockerjava.zerodep.shaded.org.apache.hc.client5.http.impl.classic.InternalHttpClient - ex-00000007: acquiring endpoint (3 MINUTES)
17:34:32.287 [main] DEBUG com.github.dockerjava.zerodep.shaded.org.apache.hc.client5.http.impl.io.PoolingHttpClientConnectionManager - ex-00000007: endpoint lease request (3 MINUTES) [route: {}->unix://localhost:2375][total available: 1; route allocated: 1 of 2147483647; total allocated: 1 of 2147483647]
17:34:32.287 [main] DEBUG com.github.dockerjava.zerodep.shaded.org.apache.hc.client5.http.impl.io.PoolingHttpClientConnectionManager - ex-00000007: endpoint leased [route: {}->unix://localhost:2375][total available: 0; route allocated: 1 of 2147483647; total allocated: 1 of 2147483647]
[...]
17:34:45.566 [main] DEBUG org.apache.kafka.clients.NetworkClient - [Consumer clientId=consumer-test-group-1, groupId=test-group] Received JOIN_GROUP response from node 2147483646 for request with header RequestHeader(apiKey=JOIN_GROUP, apiVersion=9, clientId=consumer-test-group-1, correlationId=7, headerVersion=2): JoinGroupResponseData(throttleTimeMs=0, errorCode=79, generationId=-1, protocolType=null, protocolName=null, leader='', skipAssignment=false, memberId='consumer-test-group-1-f96f2c30-95a0-405d-a911-15fa4f9528ae', members=[])
17:34:45.566 [main] DEBUG org.apache.kafka.clients.consumer.internals.ConsumerCoordinator - [Consumer clientId=consumer-test-group-1, groupId=test-group] JoinGroup failed due to non-fatal error: MEMBER_ID_REQUIRED. Will set the member id as consumer-test-group-1-f96f2c30-95a0-405d-a911-15fa4f9528ae and then rejoin. Sent generation was Generation{generationId=-1, memberId='', protocol='null'}
17:34:45.566 [main] INFO org.apache.kafka.clients.consumer.internals.ConsumerCoordinator - [Consumer clientId=consumer-test-group-1, groupId=test-group] Request joining group due to: need to re-join with the given member-id: consumer-test-group-1-f96f2c30-95a0-405d-a911-15fa4f9528ae
17:34:45.567 [main] INFO org.apache.kafka.clients.consumer.internals.ConsumerCoordinator - [Consumer clientId=consumer-test-group-1, groupId=test-group] Request joining group due to: rebalance failed due to 'The group member needs to have a valid member id before actually entering a consumer group.' (MemberIdRequiredException)
17:34:45.567 [main] INFO org.apache.kafka.clients.consumer.internals.ConsumerCoordinator - [Consumer clientId=consumer-test-group-1, groupId=test-group] (Re-)joining group
17:34:45.567 [main] DEBUG org.apache.kafka.clients.consumer.internals.ConsumerCoordinator - [Consumer clientId=consumer-test-group-1, groupId=test-group] Joining group with current subscription: [weather-test]
17:34:45.567 [main] DEBUG org.apache.kafka.clients.consumer.internals.ConsumerCoordinator - [Consumer clientId=consumer-test-group-1, groupId=test-group] Sending JoinGroup (JoinGroupRequestData(groupId='test-group', sessionTimeoutMs=45000, rebalanceTimeoutMs=300000, memberId='consumer-test-group-1-f96f2c30-95a0-405d-a911-15fa4f9528ae', groupInstanceId=null, protocolType='consumer', protocols=[JoinGroupRequestProtocol(name='range', metadata=[0, 3, 0, 0, 0, 1, 0, 12, 119, 101, 97, 116, 104, 101, 114, 45, 116, 101, 115, 116, -1, -1, -1, -1, 0, 0, 0, 0, -1, -1, -1, -1, -1, -1]), JoinGroupRequestProtocol(name='cooperative-sticky', metadata=[0, 3, 0, 0, 0, 1, 0, 12, 119, 101, 97, 116, 104, 101, 114, 45, 116, 101, 115, 116, 0, 0, 0, 4, -1, -1, -1, -1, 0, 0, 0, 0, -1, -1, -1, -1, -1, -1])], reason='rebalance failed due to MemberIdRequiredException')) to coordinator localhost:32785 (id: 2147483646 rack: null)
17:34:45.567 [main] DEBUG org.apache.kafka.clients.NetworkClient - [Consumer clientId=consumer-test-group-1, groupId=test-group] Sending JOIN_GROUP request with header RequestHeader(apiKey=JOIN_GROUP, apiVersion=9, clientId=consumer-test-group-1, correlationId=8, headerVersion=2) and timeout 305000 to node 2147483646: JoinGroupRequestData(groupId='test-group', sessionTimeoutMs=45000, rebalanceTimeoutMs=300000, memberId='consumer-test-group-1-f96f2c30-95a0-405d-a911-15fa4f9528ae', groupInstanceId=null, protocolType='consumer', protocols=[JoinGroupRequestProtocol(name='range', metadata=[0, 3, 0, 0, 0, 1, 0, 12, 119, 101, 97, 116, 104, 101, 114, 45, 116, 101, 115, 116, -1, -1, -1, -1, 0, 0, 0, 0, -1, -1, -1, -1, -1, -1]), JoinGroupRequestProtocol(name='cooperative-sticky', metadata=[0, 3, 0, 0, 0, 1, 0, 12, 119, 101, 97, 116, 104, 101, 114, 45, 116, 101, 115, 116, 0, 0, 0, 4, -1, -1, -1, -1, 0, 0, 0, 0, -1, -1, -1, -1, -1, -1])], reason='rebalance failed due to MemberIdRequiredException')
17:34:45.596 [main] DEBUG org.apache.kafka.clients.NetworkClient - [Consumer clientId=consumer-test-group-1, groupId=test-group] Received JOIN_GROUP response from node 2147483646 for request with header RequestHeader(apiKey=JOIN_GROUP, apiVersion=9, clientId=consumer-test-group-1, correlationId=8, headerVersion=2): JoinGroupResponseData(throttleTimeMs=0, errorCode=0, generationId=1, protocolType='consumer', protocolName='range', leader='consumer-test-group-1-f96f2c30-95a0-405d-a911-15fa4f9528ae', skipAssignment=false, memberId='consumer-test-group-1-f96f2c30-95a0-405d-a911-15fa4f9528ae', members=[JoinGroupResponseMember(memberId='consumer-test-group-1-f96f2c30-95a0-405d-a911-15fa4f9528ae', groupInstanceId=null, metadata=[0, 3, 0, 0, 0, 1, 0, 12, 119, 101, 97, 116, 104, 101, 114, 45, 116, 101, 115, 116, -1, -1, -1, -1, 0, 0, 0, 0, -1, -1, -1, -1, -1, -1])])
17:34:45.597 [main] DEBUG org.apache.kafka.clients.consumer.internals.ConsumerCoordinator - [Consumer clientId=consumer-test-group-1, groupId=test-group] Received successful JoinGroup response: JoinGroupResponseData(throttleTimeMs=0, errorCode=0, generationId=1, protocolType='consumer', protocolName='range', leader='consumer-test-group-1-f96f2c30-95a0-405d-a911-15fa4f9528ae', skipAssignment=false, memberId='consumer-test-group-1-f96f2c30-95a0-405d-a911-15fa4f9528ae', members=[JoinGroupResponseMember(memberId='consumer-test-group-1-f96f2c30-95a0-405d-a911-15fa4f9528ae', groupInstanceId=null, metadata=[0, 3, 0, 0, 0, 1, 0, 12, 119, 101, 97, 116, 104, 101, 114, 45, 116, 101, 115, 116, -1, -1, -1, -1, 0, 0, 0, 0, -1, -1, -1, -1, -1, -1])])
17:34:45.597 [main] DEBUG org.apache.kafka.clients.consumer.internals.ConsumerCoordinator - [Consumer clientId=consumer-test-group-1, groupId=test-group] Enabling heartbeat thread
17:34:45.597 [main] INFO org.apache.kafka.clients.consumer.internals.ConsumerCoordinator - [Consumer clientId=consumer-test-group-1, groupId=test-group] Successfully joined group with generation Generation{generationId=1, memberId='consumer-test-group-1-f96f2c30-95a0-405d-a911-15fa4f9528ae', protocol='range'}
17:34:45.598 [main] DEBUG org.apache.kafka.clients.consumer.internals.ConsumerCoordinator - [Consumer clientId=consumer-test-group-1, groupId=test-group] Performing assignment using strategy range with subscriptions {consumer-test-group-1-f96f2c30-95a0-405d-a911-15fa4f9528ae=Subscription(topics=[weather-test], ownedPartitions=[], groupInstanceId=null, generationId=-1, rackId=null)}
17:34:45.608 [main] INFO org.apache.kafka.clients.consumer.internals.ConsumerCoordinator - [Consumer clientId=consumer-test-group-1, groupId=test-group] Finished assignment for group at generation 1: {consumer-test-group-1-f96f2c30-95a0-405d-a911-15fa4f9528ae=Assignment(partitions=[weather-test-0])}
17:34:45.610 [main] DEBUG org.apache.kafka.clients.consumer.internals.ConsumerCoordinator - [Consumer clientId=consumer-test-group-1, groupId=test-group] Sending leader SyncGroup to coordinator localhost:32785 (id: 2147483646 rack: null): SyncGroupRequestData(groupId='test-group', generationId=1, memberId='consumer-test-group-1-f96f2c30-95a0-405d-a911-15fa4f9528ae', groupInstanceId=null, protocolType='consumer', protocolName='range', assignments=[SyncGroupRequestAssignment(memberId='consumer-test-group-1-f96f2c30-95a0-405d-a911-15fa4f9528ae', assignment=[0, 3, 0, 0, 0, 1, 0, 12, 119, 101, 97, 116, 104, 101, 114, 45, 116, 101, 115, 116, 0, 0, 0, 1, 0, 0, 0, 0, -1, -1, -1, -1])])
17:34:45.611 [kafka-coordinator-heartbeat-thread | test-group] DEBUG org.apache.kafka.clients.NetworkClient - [Consumer clientId=consumer-test-group-1, groupId=test-group] Sending SYNC_GROUP request with header RequestHeader(apiKey=SYNC_GROUP, apiVersion=5, clientId=consumer-test-group-1, correlationId=9, headerVersion=2) and timeout 30000 to node 2147483646: SyncGroupRequestData(groupId='test-group', generationId=1, memberId='consumer-test-group-1-f96f2c30-95a0-405d-a911-15fa4f9528ae', groupInstanceId=null, protocolType='consumer', protocolName='range', assignments=[SyncGroupRequestAssignment(memberId='consumer-test-group-1-f96f2c30-95a0-405d-a911-15fa4f9528ae', assignment=[0, 3, 0, 0, 0, 1, 0, 12, 119, 101, 97, 116, 104, 101, 114, 45, 116, 101, 115, 116, 0, 0, 0, 1, 0, 0, 0, 0, -1, -1, -1, -1])])
17:34:45.646 [main] DEBUG org.apache.kafka.clients.NetworkClient - [Consumer clientId=consumer-test-group-1, groupId=test-group] Received SYNC_GROUP response from node 2147483646 for request with header RequestHeader(apiKey=SYNC_GROUP, apiVersion=5, clientId=consumer-test-group-1, correlationId=9, headerVersion=2): SyncGroupResponseData(throttleTimeMs=0, errorCode=0, protocolType='consumer', protocolName='range', assignment=[0, 3, 0, 0, 0, 1, 0, 12, 119, 101, 97, 116, 104, 101, 114, 45, 116, 101, 115, 116, 0, 0, 0, 1, 0, 0, 0, 0, -1, -1, -1, -1])
17:34:45.646 [main] DEBUG org.apache.kafka.clients.consumer.internals.ConsumerCoordinator - [Consumer clientId=consumer-test-group-1, groupId=test-group] Received successful SyncGroup response: SyncGroupResponseData(throttleTimeMs=0, errorCode=0, protocolType='consumer', protocolName='range', assignment=[0, 3, 0, 0, 0, 1, 0, 12, 119, 101, 97, 116, 104, 101, 114, 45, 116, 101, 115, 116, 0, 0, 0, 1, 0, 0, 0, 0, -1, -1, -1, -1])
17:34:45.646 [main] INFO org.apache.kafka.clients.consumer.internals.ConsumerCoordinator - [Consumer clientId=consumer-test-group-1, groupId=test-group] Successfully synced group in generation Generation{generationId=1, memberId='consumer-test-group-1-f96f2c30-95a0-405d-a911-15fa4f9528ae', protocol='range'}
17:34:45.647 [main] DEBUG org.apache.kafka.clients.consumer.internals.ConsumerCoordinator - [Consumer clientId=consumer-test-group-1, groupId=test-group] Executing onJoinComplete with generation 1 and memberId consumer-test-group-1-f96f2c30-95a0-405d-a911-15fa4f9528ae
17:34:45.647 [main] INFO org.apache.kafka.clients.consumer.internals.ConsumerCoordinator - [Consumer clientId=consumer-test-group-1, groupId=test-group] Notifying assignor about the new Assignment(partitions=[weather-test-0])
17:34:45.651 [main] INFO org.apache.kafka.clients.consumer.internals.ConsumerCoordinator - [Consumer clientId=consumer-test-group-1, groupId=test-group] Adding newly assigned partitions: weather-test-0
17:34:45.655 [main] DEBUG org.apache.kafka.clients.consumer.internals.ConsumerCoordinator - [Consumer clientId=consumer-test-group-1, groupId=test-group] Fetching committed offsets for partitions: [weather-test-0]
17:34:45.657 [main] DEBUG org.apache.kafka.clients.NetworkClient - [Consumer clientId=consumer-test-group-1, groupId=test-group] Sending OFFSET_FETCH request with header RequestHeader(apiKey=OFFSET_FETCH, apiVersion=8, clientId=consumer-test-group-1, correlationId=10, headerVersion=2) and timeout 30000 to node 2147483646: OffsetFetchRequestData(groupId='', topics=[], groups=[OffsetFetchRequestGroup(groupId='test-group', topics=[OffsetFetchRequestTopics(name='weather-test', partitionIndexes=[0])])], requireStable=true)
17:34:45.673 [main] DEBUG org.apache.kafka.clients.NetworkClient - [Consumer clientId=consumer-test-group-1, groupId=test-group] Received OFFSET_FETCH response from node 2147483646 for request with header RequestHeader(apiKey=OFFSET_FETCH, apiVersion=8, clientId=consumer-test-group-1, correlationId=10, headerVersion=2): OffsetFetchResponseData(throttleTimeMs=0, topics=[], errorCode=0, groups=[OffsetFetchResponseGroup(groupId='test-group', topics=[OffsetFetchResponseTopics(name='weather-test', partitions=[OffsetFetchResponsePartitions(partitionIndex=0, committedOffset=-1, committedLeaderEpoch=-1, metadata='', errorCode=0)])], errorCode=0)])
17:34:45.674 [main] INFO org.apache.kafka.clients.consumer.internals.ConsumerCoordinator - [Consumer clientId=consumer-test-group-1, groupId=test-group] Found no committed offset for partition weather-test-0
17:34:45.677 [main] DEBUG org.apache.kafka.clients.consumer.internals.OffsetFetcher - [Consumer clientId=consumer-test-group-1, groupId=test-group] Sending ListOffsetRequest ListOffsetsRequestData(replicaId=-1, isolationLevel=0, topics=[ListOffsetsTopic(name='weather-test', partitions=[ListOffsetsPartition(partitionIndex=0, currentLeaderEpoch=0, timestamp=-2, maxNumOffsets=1)])]) to broker localhost:32785 (id: 1 rack: null)
17:34:45.679 [main] DEBUG org.apache.kafka.clients.NetworkClient - [Consumer clientId=consumer-test-group-1, groupId=test-group] Sending LIST_OFFSETS request with header RequestHeader(apiKey=LIST_OFFSETS, apiVersion=7, clientId=consumer-test-group-1, correlationId=11, headerVersion=2) and timeout 30000 to node 1: ListOffsetsRequestData(replicaId=-1, isolationLevel=0, topics=[ListOffsetsTopic(name='weather-test', partitions=[ListOffsetsPartition(partitionIndex=0, currentLeaderEpoch=0, timestamp=-2, maxNumOffsets=1)])])
17:34:45.696 [main] DEBUG org.apache.kafka.clients.NetworkClient - [Consumer clientId=consumer-test-group-1, groupId=test-group] Received LIST_OFFSETS response from node 1 for request with header RequestHeader(apiKey=LIST_OFFSETS, apiVersion=7, clientId=consumer-test-group-1, correlationId=11, headerVersion=2): ListOffsetsResponseData(throttleTimeMs=0, topics=[ListOffsetsTopicResponse(name='weather-test', partitions=[ListOffsetsPartitionResponse(partitionIndex=0, errorCode=0, oldStyleOffsets=[], timestamp=-1, offset=0, leaderEpoch=0)])])
17:34:45.698 [main] DEBUG org.apache.kafka.clients.consumer.internals.OffsetFetcherUtils - [Consumer clientId=consumer-test-group-1, groupId=test-group] Handling ListOffsetResponse response for weather-test-0. Fetched offset 0, timestamp -1
17:34:45.700 [main] DEBUG org.apache.kafka.clients.Metadata - [Consumer clientId=consumer-test-group-1, groupId=test-group] Not replacing existing epoch 0 with new epoch 0 for partition weather-test-0
17:34:45.701 [main] INFO org.apache.kafka.clients.consumer.internals.SubscriptionState - [Consumer clientId=consumer-test-group-1, groupId=test-group] Resetting offset for partition weather-test-0 to position FetchPosition{offset=0, offsetEpoch=Optional.empty, currentLeader=LeaderAndEpoch{leader=Optional[localhost:32785 (id: 1 rack: null)], epoch=0}}.
17:34:45.705 [main] DEBUG org.apache.kafka.clients.consumer.internals.AbstractFetch - [Consumer clientId=consumer-test-group-1, groupId=test-group] Added READ_UNCOMMITTED fetch request for partition weather-test-0 at position FetchPosition{offset=0, offsetEpoch=Optional.empty, currentLeader=LeaderAndEpoch{leader=Optional[localhost:32785 (id: 1 rack: null)], epoch=0}} to node localhost:32785 (id: 1 rack: null)
17:34:45.705 [main] DEBUG org.apache.kafka.clients.FetchSessionHandler - [Consumer clientId=consumer-test-group-1, groupId=test-group] Built full fetch (sessionId=INVALID, epoch=INITIAL) for node 1 with 1 partition(s).
17:34:45.706 [main] DEBUG org.apache.kafka.clients.consumer.internals.AbstractFetch - [Consumer clientId=consumer-test-group-1, groupId=test-group] Sending READ_UNCOMMITTED FullFetchRequest(toSend=(weather-test-0), canUseTopicIds=True) to broker localhost:32785 (id: 1 rack: null)
17:34:45.706 [main] DEBUG org.apache.kafka.clients.consumer.internals.AbstractFetch - [Consumer clientId=consumer-test-group-1, groupId=test-group] Adding pending request for node localhost:32785 (id: 1 rack: null)
17:34:45.708 [main] DEBUG org.apache.kafka.clients.NetworkClient - [Consumer clientId=consumer-test-group-1, groupId=test-group] Sending FETCH request with header RequestHeader(apiKey=FETCH, apiVersion=13, clientId=consumer-test-group-1, correlationId=12, headerVersion=2) and timeout 30000 to node 1: FetchRequestData(clusterId=null, replicaId=-1, replicaState=ReplicaState(replicaId=-1, replicaEpoch=-1), maxWaitMs=500, minBytes=1, maxBytes=52428800, isolationLevel=0, sessionId=0, sessionEpoch=0, topics=[FetchTopic(topic='weather-test', topicId=IK-IRREDT36UWXmOYsfjAw, partitions=[FetchPartition(partition=0, currentLeaderEpoch=0, fetchOffset=0, lastFetchedEpoch=-1, logStartOffset=-1, partitionMaxBytes=1048576)])], forgottenTopicsData=[], rackId='')
17:34:45.758 [main] DEBUG org.apache.kafka.clients.NetworkClient - [Consumer clientId=consumer-test-group-1, groupId=test-group] Received FETCH response from node 1 for request with header RequestHeader(apiKey=FETCH, apiVersion=13, clientId=consumer-test-group-1, correlationId=12, headerVersion=2): FetchResponseData(throttleTimeMs=0, errorCode=0, sessionId=2073558490, responses=[FetchableTopicResponse(topic='', topicId=IK-IRREDT36UWXmOYsfjAw, partitions=[PartitionData(partitionIndex=0, errorCode=0, highWatermark=1, lastStableOffset=1, logStartOffset=0, divergingEpoch=EpochEndOffset(epoch=-1, endOffset=-1), currentLeader=LeaderIdAndEpoch(leaderId=-1, leaderEpoch=-1), snapshotId=SnapshotId(endOffset=-1, epoch=-1), abortedTransactions=null, preferredReadReplica=-1, records=MemoryRecords(size=95, buffer=java.nio.HeapByteBuffer[pos=0 lim=95 cap=98]))])])
17:34:45.760 [main] DEBUG org.apache.kafka.clients.FetchSessionHandler - [Consumer clientId=consumer-test-group-1, groupId=test-group] Node 1 sent a full fetch response that created a new incremental fetch session 2073558490 with 1 response partition(s)
17:34:45.761 [main] DEBUG org.apache.kafka.clients.consumer.internals.AbstractFetch - [Consumer clientId=consumer-test-group-1, groupId=test-group] Fetch READ_UNCOMMITTED at offset 0 for partition weather-test-0 returned fetch data PartitionData(partitionIndex=0, errorCode=0, highWatermark=1, lastStableOffset=1, logStartOffset=0, divergingEpoch=EpochEndOffset(epoch=-1, endOffset=-1), currentLeader=LeaderIdAndEpoch(leaderId=-1, leaderEpoch=-1), snapshotId=SnapshotId(endOffset=-1, epoch=-1), abortedTransactions=null, preferredReadReplica=-1, records=MemoryRecords(size=95, buffer=java.nio.HeapByteBuffer[pos=0 lim=95 cap=98]))
17:34:45.762 [main] DEBUG org.apache.kafka.clients.consumer.internals.AbstractFetch - [Consumer clientId=consumer-test-group-1, groupId=test-group] Removing pending request for node localhost:32785 (id: 1 rack: null)
17:34:45.770 [main] DEBUG org.apache.kafka.clients.consumer.internals.AbstractFetch - [Consumer clientId=consumer-test-group-1, groupId=test-group] Added READ_UNCOMMITTED fetch request for partition weather-test-0 at position FetchPosition{offset=1, offsetEpoch=Optional[0], currentLeader=LeaderAndEpoch{leader=Optional[localhost:32785 (id: 1 rack: null)], epoch=0}} to node localhost:32785 (id: 1 rack: null)
17:34:45.770 [main] DEBUG org.apache.kafka.clients.FetchSessionHandler - [Consumer clientId=consumer-test-group-1, groupId=test-group] Built incremental fetch (sessionId=2073558490, epoch=1) for node 1. Added 0 partition(s), altered 1 partition(s), removed 0 partition(s), replaced 0 partition(s) out of 1 partition(s)
17:34:45.770 [main] DEBUG org.apache.kafka.clients.consumer.internals.AbstractFetch - [Consumer clientId=consumer-test-group-1, groupId=test-group] Sending READ_UNCOMMITTED IncrementalFetchRequest(toSend=(weather-test-0), toForget=(), toReplace=(), implied=(), canUseTopicIds=True) to broker localhost:32785 (id: 1 rack: null)
17:34:45.770 [main] DEBUG org.apache.kafka.clients.consumer.internals.AbstractFetch - [Consumer clientId=consumer-test-group-1, groupId=test-group] Adding pending request for node localhost:32785 (id: 1 rack: null)
17:34:45.770 [main] DEBUG org.apache.kafka.clients.NetworkClient - [Consumer clientId=consumer-test-group-1, groupId=test-group] Sending FETCH request with header RequestHeader(apiKey=FETCH, apiVersion=13, clientId=consumer-test-group-1, correlationId=13, headerVersion=2) and timeout 30000 to node 1: FetchRequestData(clusterId=null, replicaId=-1, replicaState=ReplicaState(replicaId=-1, replicaEpoch=-1), maxWaitMs=500, minBytes=1, maxBytes=52428800, isolationLevel=0, sessionId=2073558490, sessionEpoch=1, topics=[FetchTopic(topic='weather-test', topicId=IK-IRREDT36UWXmOYsfjAw, partitions=[FetchPartition(partition=0, currentLeaderEpoch=0, fetchOffset=1, lastFetchedEpoch=-1, logStartOffset=-1, partitionMaxBytes=1048576)])], forgottenTopicsData=[], rackId='')
]]></system-out>
  </testcase>
</testsuite>